-8.2183 -8.21767
-8.23666 -8.23424
-8.15024 -8.14873
-8.21947 -8.21931
-8.21946 -8.21897
-8.22397 -8.22452
-8.17226 -8.17203
-8.24377 -8.24476
-8.22317 -8.22432
-8.20564 -8.20684
-8.17112 -8.17112
-8.26787 -8.26759
-8.18612 -8.18629
-8.21805 -8.21879
-8.22322 -8.22438
-8.19991 -8.19934
-8.21112 -8.21019
-8.15079 -8.15082
-8.25136 -8.25061
-8.15692 -8.15818
-8.2355 -8.23409
-8.21773 -8.21728
-8.17056 -8.17096
-8.26258 -8.26187
-8.24646 -8.24502
-8.21059 -8.21023
-8.15305 -8.15217
-8.23078 -8.23108
-8.18407 -8.18273
-8.19565 -8.1949
-8.2491 -8.24897
-8.21466 -8.2135
-8.2534 -8.25326
-8.12237 -8.12264
-8.25325 -8.25293
-8.17104 -8.17042
-8.25877 -8.25854
-8.1645 -8.16185
-8.20767 -8.20813
-8.19127 -8.19194
-8.44456 -8.44351
-8.31522 -8.31599
-8.44082 -8.43993
-8.31253 -8.31344
-8.4387 -8.43946
-8.30921 -8.31121
-8.42811 -8.42945
-8.4417 -8.44109
-8.30485 -8.30398
-8.43853 -8.43804
-8.44243 -8.44076
-8.44085 -8.43934
-8.293 -8.2929
-8.27675 -8.27694
-8.29218 -8.29367
-8.44248 -8.44162
-8.32403 -8.32306
-8.43821 -8.43808
-8.29949 -8.29908
-8.44255 -8.44183
-8.44102 -8.44035
-8.44118 -8.44023
-8.43815 -8.43788
-8.26787 -8.27001
-8.43453 -8.43461
-8.44127 -8.44059
-8.43308 -8.43301
-8.43489 -8.43472
-8.44317 -8.44284
-8.28932 -8.2916
-8.32988 -8.32973
-8.43126 -8.43241
-8.364 -8.36441
-8.35052 -8.34939
-8.39144 -8.39231
-8.40717 -8.40732
-8.3629 -8.36252
-8.34431 -8.34343
-8.39851 -8.4002
-8.36121 -8.36245
-8.34813 -8.34731
-8.40964 -8.41011
-8.30273 -8.30155
-8.37826 -8.37788
-8.36324 -8.36267
-8.39887 -8.39767
-8.41216 -8.41235
-8.42129 -8.42177
-8.37126 -8.3716
-8.4092 -8.40954
-8.32441 -8.32244
-8.41404 -8.41297
-8.3873 -8.3868
-8.33669 -8.33588
-8.37081 -8.37212
-8.38237 -8.38261
-8.41584 -8.41595
-8.41772 -8.41858
-8.33641 -8.33602
-8.31548 -8.31913
-8.33836 -8.34077
-8.30589 -8.30674
-8.33648 -8.33502
-8.32932 -8.33082
-8.42126 -8.42018
-8.38338 -8.38257
-8.3188 -8.31731
-8.40317 -8.40261
-8.36516 -8.36508
-8.35423 -8.35559
-8.40204 -8.40402
-8.38517 -8.38607
-8.41384 -8.41462
-8.32689 -8.326
-8.39047 -8.39009
-8.3174 -8.3189
-8.34275 -8.34332
-8.29833 -8.30084
-8.32611 -8.32598
-8.38384 -8.38368
-8.34108 -8.34213
-8.29758 -8.29879
-8.4113 -8.41207
-8.3738 -8.37445
-8.35794 -8.3571
-8.39434 -8.39457
-8.34978 -8.34978
-8.35366 -8.35562
-8.41516 -8.41512
-8.35819 -8.35898
-8.37456 -8.37614
-8.3158 -8.31674
-8.41337 -8.41333
-8.39462 -8.39444
-8.37006 -8.36771
-8.34871 -8.35004
-8.37518 -8.37412
-8.35401 -8.3531
-8.36175 -8.36145
-8.32604 -8.32528
-8.38209 -8.38125
-8.39901 -8.39803
-8.39655 -8.39731
-8.34369 -8.34255
-8.42178 -8.42317
-8.29644 -8.29574
-8.30566 -8.30492
-8.37589 -8.37593
-8.37156 -8.37265
-8.30341 -8.30503
-8.42042 -8.41986
-8.41384 -8.41339
-8.39778 -8.39903
-8.34384 -8.34353
-8.36661 -8.36571
-8.3654 -8.36637
-8.33264 -8.33286
-8.41784 -8.41733
-8.3777 -8.3773
-8.35183 -8.35154
-8.1846 -8.1845
-8.11388 -8.11266
-8.15839 -8.15889
-8.10732 -8.10603
-8.10379 -8.10429
-8.03922 -8.03926
-8.13381 -8.13324
-8.19277 -8.19258
-8.19478 -8.19431
-8.12215 -8.12226
-8.20025 -8.20162
-8.1694 -8.16923
-8.17286 -8.17276
-8.15315 -8.15345
-8.04232 -8.04111
-8.13917 -8.1382
-8.16424 -8.16411
-8.11301 -8.11276
-8.12936 -8.12908
-8.1702 -8.17039
-8.13053 -8.12914
-8.09951 -8.09953
-8.19068 -8.19069
-8.11748 -8.11791
-8.21176 -8.21093
-8.07831 -8.07869
-8.14996 -8.14908
-8.13373 -8.13375
-8.17418 -8.17344
-8.18426 -8.18392
-8.17045 -8.16953
-8.12568 -8.12468
-8.2362 -8.23684
-8.1657 -8.16531
-8.08093 -8.08009
-8.15156 -8.15091
-8.17034 -8.17061
-8.13279 -8.13308
-8.15511 -8.15377
-8.12919 -8.1293
-8.41231 -8.41291
-8.29041 -8.28825
-8.33971 -8.34079
-8.4067 -8.40647
-8.24161 -8.24105
-8.316 -8.31542
-8.35965 -8.36016
-8.38186 -8.383
-8.37871 -8.37903
-8.31223 -8.31141
-8.3828 -8.38301
-8.33884 -8.33881
-8.31951 -8.3197
-8.40217 -8.40277
-8.25781 -8.25826
-8.3843 -8.38487
-8.32829 -8.3268
-8.38622 -8.3871
-8.35151 -8.35128
-8.30387 -8.3037
-8.41419 -8.41474
-8.33577 -8.33508
-8.28297 -8.28424
-8.41056 -8.41112
-8.37772 -8.37757
-8.39167 -8.39194
-8.36634 -8.36679
-8.38981 -8.39002
-8.31497 -8.31483
-8.39575 -8.39619
-8.35104 -8.35017
-8.40931 -8.41027
-8.3121 -8.31321
-8.33519 -8.33513
-8.41182 -8.41155
-8.36426 -8.36353
-8.38306 -8.3837
-8.37506 -8.37369
-8.34672 -8.3483
-8.3109 -8.31114
-8.29188 -8.29181
-8.31797 -8.31898
-8.2988 -8.30029
-8.3314 -8.33053
-8.30621 -8.30558
-8.393 -8.3926
-8.32839 -8.32876
-8.32819 -8.33017
-8.24627 -8.24715
-8.35935 -8.35844
-8.32526 -8.32535
-8.29968 -8.29935
-8.3868 -8.38723
-8.26875 -8.26672
-8.35022 -8.35152
-8.40446 -8.40475
-8.28721 -8.28602
-8.41427 -8.41459
-8.31446 -8.31313
-8.39131 -8.39129
-8.25208 -8.25194
-8.3645 -8.36442
-8.27165 -8.27209
-8.30785 -8.3062
-8.40946 -8.40979
-8.27233 -8.27261
-8.29116 -8.29216
-8.36537 -8.36525
-8.25676 -8.25831
-8.41099 -8.41017
-8.30417 -8.30503
-8.38532 -8.38507
-8.40471 -8.40413
-8.35161 -8.35151
-8.32563 -8.32706
-8.36606 -8.36558
-8.31814 -8.31739
-8.31887 -8.31899
-8.41894 -8.41942
-8.38612 -8.38717
-8.35323 -8.35299
-8.36914 -8.36876
-8.26983 -8.27168
-8.27411 -8.2739
-8.38023 -8.38008
-8.40478 -8.40551
-8.36556 -8.3657
-8.41021 -8.4108
-8.34005 -8.34011
-8.40868 -8.40913
-8.30492 -8.30452
-8.34494 -8.3452
-8.4153 -8.41606
-8.3269 -8.32675
-8.33214 -8.33267
-8.28885 -8.28857
-8.41263 -8.41299
-8.33729 -8.33708
-8.34441 -8.3444
-8.36149 -8.36226
-8.31641 -8.31708
-8.35246 -8.35452
-8.28595 -8.28538
-8.26871 -8.26961
-8.33291 -8.33236
-8.35505 -8.35325
-8.27627 -8.27616
-8.39577 -8.396
-8.37774 -8.3786
-8.38237 -8.38313
-8.30495 -8.30422
-8.32652 -8.32497
-8.35704 -8.35818
-8.31389 -8.31367
-8.30654 -8.3068
-8.26183 -8.26122
-8.40708 -8.40775
-8.39265 -8.39264
-8.3233 -8.32048
-8.32072 -8.32082
