-1.46042 0.345624 -0.0683554 -0.485516 0.0718694 -0.0211749 -1.52327 0.374731 -0.0887995 -0.468672 0.0748496 -0.0215439
4.17559 -1.41626 -0.0481684 0.619899 0.0346347 0.051633 4.20025 -1.39702 -0.0714549 0.64425 0.0328973 0.0530502
-2.06989 -3.22454 -0.107163 1.16991 -0.008993 0.0652368 -2.07562 -3.20627 -0.125707 1.22046 -0.00883241 0.069105
-0.831888 -2.42995 -0.155854 0.145302 0.0452749 -0.0515438 -0.855056 -2.39697 -0.173402 0.141471 0.0402113 -0.0487712
3.78363 0.0372898 -0.0769677 -0.409538 -0.0175361 0.077984 3.89366 0.0552683 -0.0955315 -0.462635 -0.0170682 0.0739075
-3.29513 0.794082 -0.0676815 1.15823 0.0192778 0.105991 -3.27408 0.779258 -0.0870452 1.17529 0.0187664 0.106708
5.36351 -0.702177 -0.0996819 0.357513 0.00518386 0.00821691 5.34799 -0.747939 -0.11461 0.344021 -0.00249363 0.009695
-0.933249 3.30033 -0.0554669 0.262332 -0.0605584 0.0424093 -0.953645 3.31004 -0.0744671 0.269114 -0.0628719 0.0459761
-0.713709 -2.96643 -0.100405 -0.555713 0.148353 -0.025221 -0.679601 -2.92008 -0.121168 -0.518706 0.153673 -0.0243942
0.445332 0.808282 -0.0801612 -0.165999 -0.0482317 0.128954 0.423524 0.814012 -0.100731 -0.134438 -0.048391 0.125539
4.17377 -0.798865 -0.0652777 1.52092 -0.0846003 -0.0931712 4.24887 -0.771477 -0.0858889 1.53114 -0.0840691 -0.0934221
-1.11155 1.27225 -0.101592 -0.72212 0.011642 0.0538385 -1.0903 1.29716 -0.123023 -0.751197 0.0110049 0.0565556
2.72718 3.00955 -0.0720438 -1.30468 0.030014 0.117758 2.72821 3.00795 -0.0880646 -1.31202 0.0317655 0.116409
-1.67855 -1.57732 -0.0738463 1.1112 0.0587843 -0.0431487 -1.69616 -1.61232 -0.0933383 1.12864 0.0549841 -0.0433363
-2.66088 -1.08616 -0.0790562 -0.565836 -0.0990333 0.0658799 -2.59497 -1.07791 -0.100004 -0.565319 -0.0986344 0.0650635
3.74755 2.74927 -0.091622 -0.508666 -0.139152 0.0335517 3.6391 2.70865 -0.111437 -0.431874 -0.136717 0.0326786
4.49749 1.97417 -0.0959713 -0.876492 -0.0674023 -0.0982161 4.48341 1.92261 -0.117082 -0.871932 -0.0683452 -0.0961909
-1.24555 3.68263 -0.142829 1.52885 -0.0990898 0.0547935 -1.16007 3.77305 -0.164564 1.54 -0.100524 0.0561603
-0.865318 -0.654835 -0.077914 0.647748 0.0238651 0.0769643 -0.85356 -0.578668 -0.096935 0.674259 0.0223652 0.0796973
3.62437 1.00747 -0.0806252 -0.288987 0.101767 -0.0228279 3.57658 0.986263 -0.0975165 -0.352563 0.105024 -0.0253146
-1.37137 -0.603408 -0.107017 1.0623 0.0463776 -0.0925942 -1.3494 -0.605553 -0.125153 1.05268 0.0516546 -0.0949486
0.0115753 2.90057 -0.116252 -0.354902 0.0277473 -0.131429 0.0418078 2.88802 -0.139098 -0.34219 0.0282872 -0.128544
-0.307539 2.99704 -0.0790349 0.0664711 0.0526522 0.10121 -0.323778 2.97262 -0.0975328 0.061194 0.053001 0.0962485
3.84202 1.86851 -0.0437249 1.19693 -0.0815414 0.0120595 3.82896 1.81569 -0.0636843 1.16684 -0.0850238 0.0126898
1.20155 -0.493497 -0.0894352 -0.88293 0.0300161 0.026442 1.18893 -0.459481 -0.107029 -0.882464 0.0299058 0.026677
-1.14928 3.7933 -0.114641 -0.0885533 -0.0106597 0.017294 -1.11399 3.83658 -0.135344 -0.0605213 -0.0112083 0.021264
6.82281 7.63783 -0.0533207 1.55486 0.160289 0.0915867 6.82766 7.59036 -0.0745858 1.55255 0.161179 0.0916869
-1.58162 -3.21686 -0.109677 1.08463 -0.0221307 0.0433589 -1.5511 -3.17004 -0.131444 1.083 -0.0228291 0.0467602
-0.202124 4.63815 -0.0632146 0.327987 -0.00909121 -0.0142539 -0.204102 4.62816 -0.0848582 0.309988 -0.0043757 -0.0108828
0.430832 3.76596 -0.137717 0.529454 0.11218 0.100253 0.501371 3.8275 -0.161998 0.539038 0.116051 0.0956828
-1.6546 -0.312203 -0.086983 -0.749456 0.002768 0.103433 -1.59915 -0.363402 -0.109858 -0.717855 0.00175206 0.107393
1.62165 2.43325 -0.0692298 -1.02553 -0.014344 -0.100891 1.62366 2.46621 -0.0876015 -1.0243 -0.0134833 -0.100585
-1.85399 -2.51962 -0.0710156 -0.314499 0.124438 -0.00599022 -1.84197 -2.47267 -0.0923136 -0.325688 0.121246 -0.00315777
1.23516 1.06349 -0.0695539 -0.931544 0.176169 -0.0124772 1.24668 1.07657 -0.0893668 -0.87672 0.178049 -0.0120471
-2.32422 -2.06101 -0.0389722 -1.1031 -0.0935179 -0.0231366 -2.37491 -2.08933 -0.0574926 -1.14369 -0.0919375 -0.0236078
-1.31295 1.86741 -0.0879752 -0.762324 0.0978387 0.0688688 -1.38875 1.8246 -0.106548 -0.719343 0.0973035 0.0683699
0.332149 0.999691 -0.117918 0.599794 0.0362025 0.00349317 0.310333 0.979894 -0.135231 0.607328 0.0383849 -0.000888416
2.86093 1.46573 -0.101805 0.967578 0.133193 0.0687485 2.90341 1.41797 -0.12188 0.967598 0.136515 0.0685983
-1.62613 1.80819 -0.103162 1.39386 -0.000130888 -0.0347645 -1.57562 1.77703 -0.120315 1.39901 0.0026383 -0.0351367
-0.962441 -3.04617 -0.0903569 -0.259331 -0.0354602 -0.0789163 -0.933142 -3.0403 -0.110189 -0.274768 -0.0355187 -0.0810548
-1.73495 -1.6622 0.00380119 0.193263 0.0244273 0.0109377 -1.72929 -1.64215 -0.0234148 0.18925 0.0250237 0.00701408
-2.23006 -1.616 -0.308317 -0.59006 -0.295912 -0.0508949 -2.31512 -1.59275 -0.333689 -0.621595 -0.298671 -0.0554508
-1.93249 -1.91867 -0.0489816 -0.0131673 -0.0245261 0.017555 -1.91809 -1.92019 -0.0769264 -0.0152428 -0.019843 0.0199207
-2.21199 -2.60337 -0.311399 0.29034 -0.244342 0.067614 -2.2655 -2.63386 -0.351585 0.266798 -0.255412 0.0653948
-1.76799 -1.67825 -0.0373721 0.212355 0.00638273 0.0675608 -1.79497 -1.67868 -0.0561753 0.216077 0.00278365 0.0599765
-1.57424 -1.99177 -0.199157 -0.0714608 -0.0494387 0.336855 -1.55282 -2.01136 -0.221204 -0.0419419 -0.0543511 0.337296
-1.00086 -0.914881 0.00488854 -0.0881854 0.0028597 -0.0282653 -1.00267 -0.91504 -0.0112468 -0.101579 0.0030621 -0.0271401
-1.93496 -1.82298 -0.0501737 -0.0690127 0.0241419 -0.018862 -1.92255 -1.83166 -0.0753443 -0.0762664 0.0290339 -0.0283539
-1.01776 -0.643614 -0.12869 0.322704 0.0321284 0.151331 -1.05059 -0.577036 -0.162753 0.340627 0.0358726 0.168811
-1.98974 -1.67772 -0.0365682 0.0819941 0.0284409 -0.0560953 -2.01812 -1.68322 -0.0620638 0.0897771 0.0307446 -0.0559773
-1.98065 -2.3156 -0.0593011 -0.0905067 0.0326614 0.0193113 -1.96476 -2.32767 -0.0868091 -0.0971714 0.0314755 0.0213275
-1.73975 -1.8361 0.00022829 0.085201 -0.0296046 0.05644 -1.71802 -1.81053 -0.0270093 0.0809147 -0.0327424 0.0586442
-1.31027 -2.19216 -0.397603 -0.577952 0.0816106 -0.233827 -1.32865 -2.24572 -0.433151 -0.620302 0.0989308 -0.220451
-1.63294 -1.8408 -0.382467 0.0341258 0.152445 0.255612 -1.63891 -1.83357 -0.410074 0.0324789 0.143945 0.257454
-1.33979 -1.51515 -0.279961 0.493141 -0.0207123 -0.42495 -1.37273 -1.5292 -0.295445 0.471029 -0.0248139 -0.422721
-1.72678 -2.04575 -0.0203527 -0.0818165 -0.0304258 -0.0269113 -1.70891 -2.06026 -0.0473147 -0.0931777 -0.0276993 -0.0245073
-2.28293 -2.10077 -0.264448 0.576206 -0.0901637 -0.203301 -2.24187 -2.12943 -0.282168 0.621985 -0.0789324 -0.213691
-2.04875 -1.59756 -0.0264535 -0.0110636 0.0370927 0.00566889 -2.03159 -1.59514 -0.0480056 -0.0224799 0.03646 0.00546509
-1.10223 -1.19085 -0.0978423 0.524166 -0.112751 -0.337276 -1.03017 -1.19561 -0.11004 0.535403 -0.13661 -0.358017
-1.44875 -1.48077 0.0080336 0.0696458 -0.0386088 -0.0305908 -1.43493 -1.47257 -0.0146832 0.06163 -0.0368497 -0.0298365
-1.80095 -2.09036 -0.0631277 -0.0378037 0.00643834 0.0665151 -1.80219 -2.0925 -0.0871511 -0.0425964 0.00430766 0.0582785
-1.88032 -1.77279 -0.0652119 0.0209764 0.0241909 0.0391459 -1.89696 -1.7831 -0.0916796 0.0180197 0.0256729 0.0343073
-1.64812 -1.61565 -0.0121535 0.0842136 0.0362496 -0.00858161 -1.66261 -1.59227 -0.0336295 0.0955607 0.0401303 -0.00789442
-1.00672 -1.94863 -0.320067 -0.484866 -0.0278811 -0.0104633 -0.955556 -2.01785 -0.335759 -0.561841 -0.0354583 -0.0196114
-1.62028 -1.72652 -0.0286042 0.160609 -0.0352007 0.00125625 -1.61152 -1.76441 -0.0561563 0.176613 -0.0302908 -0.00137502
-1.28975 -1.62998 0.0168549 0.0991901 0.0101745 0.00365335 -1.27647 -1.63652 -0.00858851 0.0914897 0.01397 0.00420863
-2.1427 -2.35509 -0.0784157 0.0488426 0.0580103 -0.110194 -2.18029 -2.35761 -0.105384 0.0433073 0.0566559 -0.108724
-1.63565 -1.63888 0.00211605 0.0313983 0.0755052 -0.0322225 -1.64433 -1.65133 -0.0236615 0.0296262 0.0743999 -0.0390987
-1.75585 -1.97586 -0.0291087 -0.000687283 0.0359637 0.0136166 -1.76304 -1.98112 -0.0531936 -0.0089878 0.0332716 0.0126881
-2.97172 -1.42112 -0.342081 0.404936 0.177878 -0.17118 -2.95388 -1.43881 -0.364881 0.351405 0.180619 -0.165337
-1.84721 -1.78257 -0.207245 -0.309408 -0.184261 -0.288229 -1.77909 -1.73782 -0.232035 -0.344081 -0.199683 -0.296558
-2.40087 -2.44467 -0.137221 0.00119108 -0.0284473 -0.0596612 -2.43125 -2.44358 -0.15543 -0.00403738 -0.0361111 -0.05175
-1.5707 -2.01657 -0.078079 -0.00579414 0.0707523 0.112569 -1.60341 -2.07581 -0.101677 0.00959604 0.0559514 0.109101
-1.91867 -2.45048 -0.166609 0.442017 0.046328 -0.0279273 -1.94066 -2.46511 -0.190118 0.435891 0.0510405 -0.0248316
-1.79977 -1.84279 -0.248133 -0.00317628 0.0803654 0.12097 -1.85035 -1.88557 -0.265684 -0.00236437 0.0891271 0.121877
-1.86524 -1.48265 -0.0905061 0.0274556 -0.029207 0.0182388 -1.86561 -1.48137 -0.117144 0.0556643 -0.0298497 0.0127749
-2.44189 -1.58795 -0.219949 0.0791201 -0.0496057 -0.157955 -2.40063 -1.58315 -0.255466 0.0899566 -0.035233 -0.157469
-2.1694 -2.08834 -0.379035 -0.284708 0.253108 -0.0618129 -2.18306 -2.04849 -0.407867 -0.266695 0.249731 -0.0729067
-1.56201 -2.44137 -0.101055 0.349661 -0.180521 0.0833173 -1.58972 -2.43045 -0.116972 0.320279 -0.183107 0.0843938
-1.98592 -1.55036 -0.0889382 -0.2098 -0.0507026 -0.0167475 -2.007 -1.50369 -0.109303 -0.216889 -0.0483827 -0.0469504
-2.38417 -1.64885 -0.173196 -0.501487 0.0961699 0.0265426 -2.36354 -1.6413 -0.194088 -0.518689 0.0995608 0.0368592
-1.96449 -1.56501 -0.0919438 -0.140414 0.0412625 -0.0470253 -1.96284 -1.56723 -0.114584 -0.161559 0.0395943 -0.0526295
-2.20188 -2.95451 -0.183821 0.0522888 0.102538 0.296911 -2.21516 -2.99069 -0.213979 0.0984193 0.105759 0.277788
-1.1982 -1.31985 -0.115592 -0.263407 0.0265388 0.106004 -1.19401 -1.32304 -0.134804 -0.291678 0.0291688 0.110326
-1.63238 -1.47391 -0.0478711 -0.00447318 -0.0362604 0.200883 -1.63274 -1.42364 -0.0694876 0.0124964 -0.0431143 0.199917
-1.4755 -1.48638 -0.0909966 0.0254173 0.0606623 -0.00836401 -1.43981 -1.48436 -0.115123 0.0198507 0.0603917 -0.0073684
-1.98639 -2.02747 -0.125963 0.246269 0.0159738 -0.0398245 -1.99627 -1.99349 -0.149376 0.277343 0.0225958 -0.0495642
-1.9749 -1.17344 -0.0681187 -0.0315816 0.00637353 0.14419 -1.97466 -1.15845 -0.0882649 -0.0392572 0.00976866 0.141406
-1.88361 -1.83104 -0.162338 0.139845 0.233037 0.125798 -1.85666 -1.84954 -0.185227 0.131843 0.236752 0.125947
-1.48705 -1.66603 -0.0813658 0.0925336 0.029625 -0.162199 -1.49144 -1.70983 -0.101321 0.105154 0.0267567 -0.171805
-0.569873 -1.72706 -0.163788 -0.0679923 -0.176179 0.0948978 -0.520931 -1.73025 -0.182025 -0.148885 -0.193497 0.114016
-1.44325 -1.71851 -0.0950997 -0.222138 -0.0938375 0.0108608 -1.47057 -1.70696 -0.119559 -0.227902 -0.0911703 0.00678877
-1.57938 -1.64247 -0.0760848 -0.42782 0.162421 -0.043386 -1.59668 -1.65065 -0.0995008 -0.421533 0.168094 -0.046642
-1.55313 -1.63222 -0.215287 0.205323 0.015369 -0.0512011 -1.49664 -1.5894 -0.248413 0.229208 0.00756554 -0.0446128
-0.990537 -1.24893 -0.0932539 -0.123771 -0.157454 0.047938 -1.02874 -1.25854 -0.105925 -0.127415 -0.155186 0.0545341
-1.70328 -1.74793 -0.0919327 -0.299762 0.0372912 0.0751864 -1.62716 -1.70771 -0.109841 -0.332706 0.0439837 0.0786635
-2.13871 -1.70908 -0.123593 -0.0421356 -0.0283872 0.138464 -2.1496 -1.74067 -0.143449 -0.0497481 -0.0260349 0.139208
-1.83877 -1.80662 -0.0762708 0.102741 0.0495954 0.0227278 -1.79965 -1.81101 -0.0918885 0.0725956 0.0395252 0.0251591
-1.90514 -2.20682 -0.0530249 -0.160119 0.107687 0.113351 -1.91336 -2.26391 -0.0868713 -0.142923 0.11763 0.114264
-2.16145 -1.90855 -0.302539 -0.389962 0.119889 0.181439 -2.22718 -1.90457 -0.322849 -0.377994 0.097508 0.195495
-2.20518 -2.14038 -0.394845 -0.154442 -0.0954899 0.0473229 -2.20674 -2.1348 -0.416321 -0.186178 -0.0868236 0.0470908
-2.03363 -2.31323 -0.294366 0.0102227 0.494027 0.0578171 -2.07577 -2.28119 -0.322709 -0.00430357 0.49562 0.0552487
-1.80171 -1.34889 -0.121951 -0.243643 0.0504174 -0.0339493 -1.80307 -1.31904 -0.147705 -0.245958 0.0472552 -0.0435476
-2.01258 -1.87147 -0.187496 -0.0450274 -0.113192 -0.128224 -1.93822 -1.89949 -0.20049 -0.0772753 -0.11506 -0.138386
-1.62921 -1.96242 -0.0883252 0.130547 0.0642304 0.0512537 -1.62355 -1.92657 -0.115448 0.141307 0.0575635 0.0438724
-1.38145 -1.84762 -0.12792 -0.291575 0.14006 -0.156087 -1.37875 -1.80892 -0.153051 -0.288559 0.129965 -0.163632
-1.03518 -1.68539 -0.0546411 -0.389968 0.138042 -0.0393179 -1.02249 -1.65812 -0.0847195 -0.396481 0.126047 -0.0533072
-2.55053 -1.54949 -0.240217 0.132199 0.0632486 0.117768 -2.58355 -1.55936 -0.267397 0.143742 0.0609731 0.118365
-2.12491 -2.53064 -0.122574 0.289594 -0.0589423 -0.320618 -2.09096 -2.56896 -0.147616 0.267422 -0.0609768 -0.304519
-2.02819 -1.13365 -0.316894 -0.0985441 -0.0261669 0.0964016 -2.11019 -1.15083 -0.341656 -0.121383 -0.0223028 0.0721863
-1.7052 -1.56985 -0.110394 -0.201185 -0.0518719 0.0986169 -1.71457 -1.59905 -0.124821 -0.177632 -0.0459651 0.0810469
-1.25725 -1.73826 -0.0549954 -0.244101 0.0295668 -0.160835 -1.25954 -1.76305 -0.0757622 -0.248044 0.0315818 -0.15415
-1.25654 -1.63467 -0.00978809 -0.171512 0.042343 -0.0468994 -1.22095 -1.61138 -0.0273968 -0.172226 0.0363355 -0.0418792
-1.66376 -1.8287 -0.0373338 0.238121 -0.0743643 -0.150865 -1.62905 -1.8691 -0.0742023 0.222788 -0.0699964 -0.154629
-1.56252 -1.31366 -0.0417562 -0.091712 -0.053194 0.0345736 -1.54577 -1.3295 -0.0642914 -0.0629482 -0.0475278 0.0457557
-2.02191 -1.2263 -0.246444 -0.076228 0.0308649 0.103706 -1.92795 -1.18843 -0.265067 -0.0947417 0.04276 0.0938872
-2.12399 -2.60291 -0.289663 0.0841636 -0.0290011 -0.0817369 -2.16738 -2.68114 -0.308063 0.0526535 -0.0326447 -0.0772844
-1.2025 -1.37558 -0.267051 -0.447368 0.0735487 0.026183 -1.16187 -1.32894 -0.285202 -0.442868 0.079775 0.0303485
-1.90844 -2.88851 -0.312493 -0.128724 -0.0862644 0.210776 -1.88135 -2.91209 -0.344929 -0.101096 -0.0858052 0.201105
-1.3726 -1.72931 -0.0602382 -0.523209 0.0662253 -0.336135 -1.34409 -1.72843 -0.081801 -0.515243 0.0649151 -0.338789
-0.866013 -1.49748 -0.140143 -0.284079 0.153416 0.00413097 -0.797634 -1.46458 -0.165989 -0.27382 0.147845 0.00774997
-2.40796 -1.35968 -0.388609 -0.0611515 -0.070164 0.120273 -2.39606 -1.36044 -0.415337 -0.0691942 -0.0783918 0.12059
-1.95961 -2.11477 -0.146695 0.150535 -0.0337817 0.00703558 -1.98663 -2.15314 -0.168406 0.163713 -0.033957 0.000958014
-2.15793 -2.58841 -0.0973941 0.185865 0.0713442 0.0229867 -2.13626 -2.66145 -0.112333 0.169874 0.0510455 0.00949838
-1.86752 -2.38567 -0.15043 -0.0245758 -0.151036 -0.157595 -1.8556 -2.33182 -0.179858 -0.0480661 -0.141587 -0.166844
-1.61089 -1.47725 -0.166008 0.0214392 0.00773896 0.0524663 -1.59513 -1.50654 -0.186202 0.0272046 0.0253063 0.0647298
-0.958687 -1.23149 -0.0594212 0.158888 -0.00984128 -0.16661 -0.985237 -1.19847 -0.0806199 0.206745 -0.0101629 -0.176876
-2.08755 -2.05378 -0.176227 0.0341964 0.0145755 0.0646167 -2.03209 -2.09971 -0.192142 0.0361979 0.017142 0.0533517
-1.69682 -1.67672 -0.0796981 -0.156844 -0.056875 0.140203 -1.70666 -1.70339 -0.0990425 -0.159882 -0.0607287 0.141918
-0.813116 -1.73968 -0.184171 0.1676 0.0823413 0.016505 -0.824478 -1.76934 -0.211228 0.184199 0.0830247 0.01119
-1.2448 -1.73743 -0.186056 0.00405707 0.123397 -0.0685574 -1.21165 -1.74836 -0.20486 -0.00498358 0.123878 -0.0673145
-2.00064 -1.14942 -0.145263 -0.0763125 -0.0422594 -0.193392 -1.96875 -1.11261 -0.161321 -0.0537133 -0.0278065 -0.201304
-2.76473 -2.33511 -0.143556 -0.0508758 0.155962 -0.0308249 -2.72683 -2.34032 -0.170149 -0.0709971 0.148022 -0.0352725
-2.2497 -2.74564 -0.23338 -0.0679681 -0.0558733 0.0896515 -2.27309 -2.80981 -0.257751 -0.0807594 -0.0648942 0.0806249
-1.6115 -2.13233 -0.102491 0.12316 0.215981 0.134663 -1.53931 -2.19801 -0.131972 0.130496 0.223583 0.14308
-2.04975 -2.23344 -0.327799 -0.0138538 0.12933 -0.0678952 -2.06587 -2.22264 -0.34203 0.0633525 0.141697 -0.0869299
-2.15407 -1.93587 -0.219968 -0.0664763 -0.0353707 -0.310871 -2.11972 -1.94588 -0.248228 -0.0433001 -0.0302894 -0.307467
-2.30182 -2.5286 -0.202534 0.0492181 0.0119894 0.0495123 -2.32198 -2.5157 -0.236119 0.0611853 0.0133958 0.0482618
-1.66585 -2.01224 -0.200337 0.298458 0.120508 -0.149528 -1.68048 -2.00269 -0.224558 0.316972 0.12876 -0.14365
-2.21464 -1.02955 -0.194908 -0.40293 0.360706 -0.10203 -2.26694 -0.943386 -0.213128 -0.39855 0.359599 -0.0932199
-2.12369 -2.26865 -0.255989 0.0266112 0.175633 -0.153846 -2.11415 -2.27313 -0.278759 0.0305193 0.180531 -0.161873
-1.63785 -1.49009 -0.0457736 0.0723169 -0.134795 0.0070948 -1.59613 -1.46911 -0.0716598 0.0707654 -0.14028 0.0112936
-2.30715 -1.59627 -0.0790633 0.00541797 -0.170867 0.019038 -2.34869 -1.58018 -0.0980908 0.00780539 -0.16551 0.0200933
-1.73312 -1.12169 -0.266676 -0.0846155 -0.0348642 0.0886468 -1.76975 -1.12303 -0.296395 -0.0997307 -0.0211276 0.0909582
-1.80095 -1.65344 -0.0698642 0.0617598 -0.157239 -0.0233374 -1.80068 -1.65981 -0.08755 0.057991 -0.154892 -0.0153777
-2.48834 -2.35076 -0.481051 0.45362 -0.158291 0.14781 -2.49447 -2.37921 -0.514118 0.459799 -0.173774 0.147536
-2.16563 -1.25684 -0.231785 -0.163151 -0.339342 -0.218207 -2.21576 -1.22016 -0.255818 -0.194123 -0.35839 -0.22243
-1.94422 -1.49206 -0.0578568 -0.108005 0.0637604 0.0368361 -1.96554 -1.48866 -0.0829566 -0.0729167 0.0650614 0.0331035
-2.34491 -1.70513 -0.0722667 0.395091 0.122686 0.00309617 -2.37179 -1.73927 -0.0954108 0.435062 0.113072 0.00918404
-2.03823 -2.45741 -0.352868 -0.112514 -0.0161644 0.00420939 -2.00314 -2.43423 -0.373676 -0.139778 -0.0213166 0.015509
-2.36746 -1.70376 -0.0869357 -0.189709 0.0650397 -0.0467466 -2.3966 -1.69751 -0.110931 -0.191924 0.069245 -0.0501533
-1.67606 -1.75601 -0.0995445 -0.338763 -0.0642119 -0.0620818 -1.68815 -1.74806 -0.125443 -0.364218 -0.0614251 -0.0552269
-1.69676 -1.32271 -0.0553459 0.15696 0.0444452 0.086379 -1.75051 -1.32005 -0.0698424 0.168208 0.0522683 0.0880478
-1.11614 -1.39571 -0.122026 -0.275837 -0.0901849 0.0820949 -1.15133 -1.36701 -0.149092 -0.276673 -0.0822711 0.0819559
-1.61857 -1.06738 -0.101283 0.0353248 0.180983 0.102823 -1.64256 -1.07544 -0.133788 0.0300886 0.19245 0.101456
-1.26468 -1.79561 -0.113526 0.347732 0.125931 0.0219119 -1.28864 -1.81644 -0.132725 0.384062 0.119086 0.024217
-1.58912 -2.10309 -0.360396 -0.0895991 0.00786566 -0.0264574 -1.61065 -2.11255 -0.383158 -0.0401653 0.0146546 -0.0502374
-1.94048 -1.94775 -0.0844034 0.0945779 0.0524544 -0.0537939 -1.95043 -1.91783 -0.105728 0.0916982 0.0497359 -0.0563561
-1.75443 -1.04013 -0.00667428 -0.164486 0.115338 -0.0722284 -1.76315 -1.08579 -0.0321864 -0.175042 0.117775 -0.0663901
-1.38011 -0.896287 -0.181207 -0.0550965 -0.223012 0.157121 -1.39116 -0.880542 -0.202491 -0.0625984 -0.224357 0.173569
-2.13172 -2.38834 -0.120809 -1.63398 -0.0045284 -0.0204724 -2.21452 -2.45256 -0.142736 -1.62593 -0.00813371 -0.0195715
6.14014 5.90751 -0.129855 -0.242311 0.0756165 0.19438 6.25182 5.82758 -0.158682 -0.223895 0.076546 0.196953
-1.25801 -1.8763 -0.0603726 -1.22761 0.00903118 0.115545 -1.28981 -1.97434 -0.0812886 -1.21288 0.00921092 0.117358
4.04555 5.45792 -0.0312468 1.80549 -0.00407366 -0.0370466 3.9243 5.49766 -0.0552263 1.85474 -0.000730362 -0.038795
3.02728 0.96827 -0.0878124 2.37511 -0.0268904 0.0749326 3.07038 0.99361 -0.108412 2.36497 -0.0267423 0.0767605
8.40396 2.2376 -0.0799641 1.9097 0.105227 0.271005 8.41106 2.18805 -0.103553 1.92996 0.111752 0.274137
5.72361 -0.605764 -0.123942 -0.408908 -0.116778 0.0478268 5.83068 -0.683061 -0.146817 -0.423927 -0.113056 0.0477893
0.786252 3.62553 -0.0521689 0.425902 0.0528821 0.0118072 0.750764 3.65864 -0.0758876 0.399229 0.0531916 0.0150136
-0.00558959 2.07282 -0.0688105 -0.76742 -0.145856 -0.0852197 0.000946715 2.13993 -0.0920313 -0.770522 -0.149466 -0.0829373
0.89177 3.31978 -0.109685 -0.8737 -0.155211 0.0999085 0.894143 3.36129 -0.13078 -0.871253 -0.154385 0.102611
0.95187 -2.12474 -0.12916 0.00609175 -0.0117078 -0.00547976 0.978208 -2.15315 -0.144873 0.0240886 -0.0145674 -0.00245416
2.6419 4.61213 -0.0608698 0.20447 0.0899762 0.103118 2.65224 4.62945 -0.0889157 0.202958 0.089302 0.102527
1.69194 -2.8995 -0.0944114 0.034442 0.025703 0.0482517 1.65184 -2.92956 -0.114387 0.0243855 0.0272755 0.0498957
-0.257144 -2.43165 -0.118475 0.664819 -0.0711123 0.0738418 -0.282465 -2.4776 -0.137919 0.684877 -0.0709266 0.0753706
6.04431 5.86743 -0.0556493 1.40664 0.163375 0.179893 5.98413 5.75185 -0.0768516 1.41535 0.161915 0.172883
1.08055 6.85817 -0.119194 0.546568 0.0889299 -0.00696294 1.05447 6.90526 -0.141928 0.555007 0.0902644 -0.00359798
-0.0787041 2.02862 -0.0995163 1.685 -0.0651645 0.00324219 -0.0520681 2.01881 -0.122105 1.69274 -0.0666171 0.00474039
1.45152 -0.0896147 -0.113114 1.74425 0.024032 0.00444326 1.53051 -0.0509241 -0.134561 1.70721 0.0238031 0.00671811
6.72296 5.56294 -0.0585876 0.224967 -0.000494847 0.0638237 6.77434 5.53515 -0.0853751 0.181968 0.000646456 0.0696248
1.08304 -1.83803 -0.0887384 0.471351 0.0166429 0.0654 1.02406 -1.86388 -0.10954 0.50895 0.0180044 0.064669
2.28971 2.55128 -0.107111 -1.77533 -0.080583 -0.0145287 2.25832 2.52814 -0.132821 -1.7885 -0.0830718 -0.0166493
6.50745 4.99847 -0.0809128 -0.883633 0.121239 0.0188111 6.44488 4.90478 -0.104079 -0.888725 0.117139 0.0221411
-2.78852 -1.51116 -0.0930765 0.678452 0.0630216 -0.0446875 -2.86675 -1.53141 -0.115047 0.689443 0.0627408 -0.0418842
-3.41142 3.65589 -0.0880402 -0.666081 -0.0393555 -0.00358274 -3.4253 3.65775 -0.10652 -0.683652 -0.0378502 -0.00358883
0.1594 -2.43287 -0.0962597 -0.617756 0.0148781 0.0306493 0.197434 -2.52756 -0.118205 -0.617231 0.0162759 0.0313944
1.59784 -1.7506 -0.102429 -0.812107 0.0459218 0.0761634 1.64722 -1.87078 -0.124376 -0.838381 0.0497951 0.0754223
-0.389724 3.94143 -0.0721977 -1.44183 0.103625 -0.0311744 -0.433446 3.99734 -0.0935791 -1.41668 0.103478 -0.0325446
2.01715 3.64279 -0.103566 1.00851 0.021817 0.0331422 1.983 3.67778 -0.12663 1.04333 0.0228426 0.0362302
2.16192 -1.96858 -0.095838 -0.0120983 -0.0216382 0.0765186 2.15569 -2.00853 -0.116914 -0.00100683 -0.0218017 0.0783549
2.07185 2.55989 -0.0564902 0.459539 -0.0380896 0.0177675 2.02093 2.61065 -0.0812909 0.424257 -0.0392098 0.0185527
3.47733 4.91904 -0.0705207 -0.836265 -0.193199 0.173836 3.47322 4.8881 -0.100447 -0.940077 -0.195447 0.174601
5.02933 1.27059 -0.120846 1.07239 -0.119162 -0.0996123 5.03507 1.12915 -0.148768 1.12093 -0.121106 -0.101119
-2.07217 -1.44346 -0.0983219 -1.05906 0.0685675 0.0243382 -2.10891 -1.45723 -0.119435 -1.06543 0.0670436 0.0228738
-1.41999 -2.01098 -0.0958001 1.17021 -0.152502 0.0253617 -1.42813 -2.04502 -0.117297 1.14909 -0.150501 0.0293198
6.20557 5.53152 -0.0638785 -2.27313 -0.226502 0.083433 6.06775 5.57592 -0.0869467 -2.32955 -0.22759 0.082513
1.10449 -2.11083 -0.0556048 0.0833122 0.0680166 0.033523 1.11887 -2.15977 -0.0771189 0.115942 0.0669233 0.0336248
1.3935 -0.638504 -0.0904089 0.0543618 -0.0300811 -0.0301603 1.40035 -0.625482 -0.107184 0.0625756 -0.0318525 -0.0312003
4.25342 6.16465 -0.0817075 -2.26571 -0.013356 0.0755689 4.17845 6.12894 -0.107993 -2.31064 -0.0134524 0.0719475
-2.91872 -1.31142 -0.114761 0.394764 0.04239 -0.0394434 -2.96801 -1.36696 -0.134782 0.390881 0.0441794 -0.0380099
4.392 1.98404 -0.0557889 -0.310061 -0.0516057 0.043742 4.37162 2.02527 -0.0814343 -0.327105 -0.0491727 0.04261
-2.62037 -2.53773 -0.0259523 -0.00413934 -0.01532 0.0109263 -2.61079 -2.54564 -0.0528789 -0.0131912 -0.0133793 0.013022
-1.88001 -2.17354 -0.224242 -0.183991 -0.109201 0.0107428 -1.89196 -2.18393 -0.246755 -0.171958 -0.103627 0.00946174
-2.78456 -1.92745 -0.150401 0.0231355 -0.0208761 0.188454 -2.7821 -1.91564 -0.175569 0.0420065 -0.0169656 0.180334
-2.74 -2.62428 -0.0505101 0.0934387 0.0162989 0.008979 -2.7232 -2.63667 -0.0735659 0.090285 0.0217465 0.0074805
-2.4294 -2.71913 -0.32423 -0.159982 0.0147175 0.146989 -2.5074 -2.69342 -0.34397 -0.162693 0.0313232 0.129322
-3.20391 -3.29675 -0.400039 0.50413 0.350897 0.116146 -3.18861 -3.35108 -0.425056 0.566369 0.339406 0.119196
-2.41332 -2.85282 -0.237115 -0.134114 -0.0945348 -0.201014 -2.45254 -2.78649 -0.262366 -0.119389 -0.0959795 -0.207003
-2.85286 -2.65742 -0.164093 -0.0774888 -0.0585072 0.0341181 -2.8728 -2.65108 -0.184862 -0.0974943 -0.0594575 0.0253139
-2.90927 -2.76989 -0.174042 0.0564571 -0.148853 0.232714 -2.94968 -2.78522 -0.192147 0.0617759 -0.148884 0.226201
-2.62578 -1.86088 -0.225993 0.155634 -0.236936 0.0422894 -2.64534 -1.84219 -0.255407 0.142519 -0.243306 0.0439061
-2.59744 -2.50326 -0.0766689 -0.0865349 -0.0455898 -0.0120765 -2.61699 -2.51781 -0.102559 -0.107268 -0.0457113 -0.012876
-2.91722 -3.1014 -0.214305 -0.0763819 0.015967 -0.0305836 -2.954 -3.15744 -0.242761 -0.062135 0.00933963 -0.0384333
-2.44009 -2.35036 -0.204794 -0.211961 -0.0440771 0.134945 -2.36096 -2.35324 -0.227217 -0.221329 -0.0521884 0.130214
-2.97669 -2.93487 -0.129479 -0.199993 0.000957871 0.00581042 -2.992 -2.94584 -0.148247 -0.209899 0.00149412 0.0154719
-1.72997 -1.94524 -0.197089 0.0361058 -0.0456657 -0.2534 -1.76845 -1.91145 -0.231945 0.0202272 -0.0564423 -0.217807
-2.97723 -2.37797 -0.156983 0.0957955 0.0966741 0.0217449 -2.95071 -2.40291 -0.176785 0.0838025 0.095729 0.0198326
-1.82063 -1.50331 -0.101434 -0.0445664 -0.0877204 -0.102215 -1.7662 -1.47925 -0.13823 -0.0290389 -0.0885044 -0.102352
-1.96371 -2.04473 -0.0801379 0.0851716 -0.0162575 -0.0337344 -1.95716 -2.03459 -0.106784 0.0596227 -0.0147715 -0.0350347
-2.6704 -2.68881 -0.164783 0.263015 0.0210535 0.025264 -2.68896 -2.69413 -0.1929 0.26807 0.0264421 0.0175205
-2.45065 -1.85008 -0.0873391 0.208307 0.211125 0.164026 -2.44081 -1.85342 -0.116615 0.248458 0.209649 0.159213
-2.55448 -2.66964 -0.0156784 -0.0138324 -0.0214525 -0.0217075 -2.57276 -2.66967 -0.0388939 -0.00180615 -0.0251923 -0.023712
-2.15822 -2.37411 -0.266826 0.0147074 -0.134937 0.112856 -2.17973 -2.38345 -0.29664 0.0195116 -0.12074 0.102933
-2.9412 -3.03101 -0.230197 -0.03991 0.122595 0.140187 -3.00027 -3.10271 -0.242443 -0.128715 0.12758 0.151004
-2.54265 -2.58186 -0.0152502 -0.0509754 0.00954742 -0.0448734 -2.55259 -2.58996 -0.0379677 -0.0516259 0.00920045 -0.0495764
-2.42039 -2.16054 -0.0164987 -0.179195 0.135441 -0.0886085 -2.38398 -2.14161 -0.0434284 -0.198001 0.135467 -0.0899829
-2.67698 -2.5061 -0.0473927 -0.20244 -0.163836 -0.05424 -2.68352 -2.48742 -0.0754299 -0.183428 -0.167841 -0.0620767
-2.67269 -2.80926 -0.130431 0.111174 -0.168779 0.123537 -2.65005 -2.86939 -0.149412 0.0944782 -0.16307 0.116321
-3.00999 -3.00631 -0.139702 -0.161252 0.084377 0.0217312 -2.98254 -2.99838 -0.159514 -0.160214 0.0891666 0.0198268
-1.56152 -2.02563 -0.164649 0.105166 0.152684 -0.115926 -1.54923 -2.05342 -0.192875 0.123443 0.150878 -0.113848
-3.13757 -3.15798 -0.154253 0.0188887 -0.00788739 0.0975617 -3.14163 -3.17885 -0.173576 0.0282411 -0.00745356 0.0969726
-2.90325 -2.36938 -0.156552 0.469044 -0.282737 0.132391 -2.86474 -2.39441 -0.190861 0.47569 -0.284566 0.120764
-2.86193 -2.74928 -0.0662455 0.0612239 -0.0239379 0.0200454 -2.87462 -2.78887 -0.0824961 0.0609915 -0.0287197 0.0198766
-2.07664 -2.79418 -0.357693 -0.0314437 -0.178791 0.183012 -2.11184 -2.76613 -0.38238 -0.022872 -0.185814 0.151953
-3.10951 -3.13186 -0.198336 -0.160103 0.106242 -0.0306592 -3.10552 -3.10087 -0.228902 -0.184321 0.116922 -0.0231298
-2.68954 -2.65175 -0.0469528 0.0289768 0.0162414 0.0232176 -2.68756 -2.62998 -0.0762219 0.0393815 0.0207382 0.0215485
-3.13214 -3.06066 -0.190372 -0.0101178 0.100075 0.176445 -3.10458 -3.07471 -0.211405 -0.0294353 0.0976663 0.176141
-2.39848 -2.49017 -0.0538065 0.0444158 0.0710894 0.117191 -2.41693 -2.50072 -0.0764527 0.0636112 0.0615882 0.112939
-2.29454 -2.30343 -0.0447301 -0.0501473 -0.0763131 0.0887941 -2.25822 -2.27816 -0.0774687 -0.0402287 -0.0703312 0.0925141
-1.61979 -1.80867 -0.121821 -0.106919 -0.108711 -0.087214 -1.59597 -1.79331 -0.135836 -0.104546 -0.107476 -0.0780101
-2.54212 -2.52303 -0.219184 0.407179 0.156607 -0.27693 -2.50576 -2.52311 -0.242933 0.368035 0.140744 -0.278644
-2.98116 -2.34555 -0.274682 0.368625 0.238585 0.201588 -2.99043 -2.39436 -0.302052 0.320761 0.244145 0.201293
-2.19892 -2.62721 -0.292136 0.0317911 -0.11228 -0.2201 -2.18753 -2.68604 -0.310089 0.0282317 -0.104086 -0.228069
-1.33366 -1.46907 -0.215841 -0.124791 0.0846855 -0.0745188 -1.44452 -1.41533 -0.238827 -0.173575 0.077281 -0.0658304
-3.40747 -2.83976 -0.291325 0.0384015 -0.247207 -0.213064 -3.34727 -2.88856 -0.323716 0.0459802 -0.237986 -0.216901
-2.04031 -2.00644 -0.263077 -0.134563 0.0193904 -0.271056 -2.03765 -2.00271 -0.293405 -0.115541 0.014073 -0.269842
-2.78327 -3.05822 -0.098569 -0.0466396 -0.0118185 0.111687 -2.79064 -3.04554 -0.122885 -0.0331949 -0.0200459 0.114059
-2.83199 -2.73898 -0.216407 -0.263591 0.00745485 0.214532 -2.84061 -2.68029 -0.239517 -0.235932 0.00909719 0.218819
-2.98894 -3.66543 -0.432908 -0.21514 -0.190861 -0.142722 -3.01215 -3.67476 -0.438233 -0.219318 -0.182152 -0.141067
-1.74654 -2.07629 -0.347396 0.142362 0.299269 -0.362494 -1.7992 -2.12825 -0.367465 0.124222 0.280294 -0.337719
-2.51825 -2.61546 -0.164225 0.300972 0.0760258 -0.148359 -2.52319 -2.60604 -0.1936 0.284673 0.084621 -0.141784
-3.31827 -2.9893 -0.312325 -0.218087 -0.0639319 -0.0639643 -3.28933 -3.05924 -0.331498 -0.220688 -0.0612721 -0.0869874
-3.44333 -2.38947 -0.444767 -0.142697 0.103466 -0.054709 -3.45666 -2.49862 -0.470743 -0.124775 0.115709 -0.057139
-2.44546 -2.19124 0.0328975 0.116563 0.103937 0.113275 -2.46728 -2.19244 0.00600433 0.0976353 0.107445 0.113264
-3.29565 -2.46678 -0.378319 0.239087 0.123101 -0.0159035 -3.30034 -2.39095 -0.399307 0.160887 0.115835 -0.00711999
-2.17595 -1.96023 -0.0790091 0.038816 -0.000595439 0.0737248 -2.17921 -1.93509 -0.102728 0.0130974 -0.00508667 0.0789601
-2.84426 -2.8955 -0.0990367 0.0807149 0.0295715 0.026041 -2.87753 -2.88968 -0.118333 0.0833334 0.0293451 0.0269252
-2.23636 -3.16003 -0.313241 -0.087711 0.180125 0.088147 -2.2624 -3.09137 -0.336684 -0.0883536 0.170746 0.0791926
-2.71074 -2.67223 -0.0200286 0.00554244 -0.0133843 0.0233546 -2.71882 -2.68382 -0.0456696 0.00387045 -0.0147666 0.0237628
-1.7868 -2.4648 -0.144012 -0.164726 0.131754 0.202044 -1.75966 -2.41216 -0.162585 -0.135763 0.146264 0.211493
-2.53994 -2.61343 -0.0774505 0.0233411 -0.0434729 0.0118759 -2.54429 -2.63435 -0.1071 0.0262177 -0.041396 0.0166428
-2.67421 -3.4857 -0.376434 0.463339 -0.277069 -0.079573 -2.5177 -3.42782 -0.378941 0.464492 -0.279539 -0.075491
-2.89872 -2.61992 -0.191883 0.0211727 0.0691373 0.052689 -2.87505 -2.63785 -0.222552 0.025045 0.0792559 0.0496801
-2.04011 -2.42942 -0.355121 -0.325805 0.133736 0.291729 -2.07334 -2.44596 -0.375529 -0.269166 0.13044 0.282472
-2.98179 -2.78019 -0.347297 -0.15433 0.0811014 0.0268699 -3.08621 -2.69883 -0.368327 -0.115995 0.061977 0.0314817
-2.81321 -2.72612 -0.047143 -0.0233515 0.0123536 -0.0213305 -2.80357 -2.73275 -0.0700075 -0.0214906 0.0147289 -0.0202335
-3.17932 -2.66229 -0.412473 0.0516362 0.103265 -0.0244029 -3.1786 -2.6595 -0.422685 0.0254401 0.127019 -0.0314601
-2.32436 -2.25806 -0.346608 -0.0947074 0.118501 0.0564475 -2.29206 -2.26297 -0.354596 -0.0794732 0.120624 0.0523922
-2.87292 -2.47437 -0.184584 -0.186554 -0.176979 -0.0215521 -2.87586 -2.44881 -0.210593 -0.201515 -0.185654 -0.0194532
-2.43863 -1.5869 -0.187774 -0.142191 0.303063 0.323362 -2.46329 -1.62545 -0.208222 -0.204555 0.31245 0.322668
-2.57286 -2.68121 -0.00854732 0.156088 -0.0332589 -0.0215516 -2.55006 -2.67122 -0.0408235 0.148903 -0.0333992 -0.0194869
-2.31975 -2.0762 -0.264713 -0.298826 0.041708 -0.0689559 -2.28556 -1.95167 -0.284238 -0.346187 0.0237174 -0.0679889
-2.69364 -2.42481 -0.0658246 -0.28704 -0.0604871 -0.0639543 -2.68547 -2.39573 -0.0905153 -0.266153 -0.0651529 -0.0665272
-2.87702 -2.92434 -0.105221 0.0669041 0.0574874 -0.0260033 -2.83771 -2.8996 -0.130514 0.0762587 0.0594 -0.021725
-2.792 -2.87839 -0.170136 -0.122959 0.129308 -0.0478089 -2.73722 -2.8686 -0.20209 -0.138601 0.123702 -0.0379251
-2.87833 -2.23227 -0.215066 -0.258218 -0.0341598 0.102456 -2.90703 -2.20941 -0.235313 -0.215557 -0.0342625 0.101528
-2.62253 -2.21655 -0.1496 -0.0650573 0.0805369 -0.135749 -2.59718 -2.23353 -0.179231 -0.0189621 0.0819371 -0.137048
-2.40525 -1.93413 -0.166681 0.0386638 -0.00347838 -0.0495388 -2.40802 -1.89766 -0.189277 0.0311378 -0.00992731 -0.0512784
-3.03532 -3.32618 -0.359885 -0.194508 0.0881113 0.169745 -3.02083 -3.27788 -0.383298 -0.213314 0.0885489 0.166268
-2.46284 -2.54595 0.023769 -0.0062057 -0.0163101 0.0257609 -2.4733 -2.54134 -0.00152735 -0.00345337 -0.0167038 0.0246333
-2.34293 -2.26609 -0.0659938 -0.0722546 -0.0897662 0.00550879 -2.35361 -2.26299 -0.0842923 -0.0670825 -0.0849667 0.00339141
-2.90104 -2.63889 -0.18496 0.0974721 0.0501666 0.190557 -2.88721 -2.65649 -0.213942 0.0866018 0.0363793 0.184932
-2.57526 -2.50013 -0.102917 -0.0410653 -0.00080009 0.113174 -2.52518 -2.48763 -0.140341 -0.0349858 -0.00957937 0.110224
-1.79126 -2.27076 -0.187954 0.475337 0.0157206 0.0588023 -1.78709 -2.28953 -0.20744 0.435044 0.0297653 0.0733436
-1.57817 -1.96933 -0.109281 0.166923 0.276402 -0.290098 -1.5826 -2.01741 -0.131808 0.227396 0.267918 -0.283814
-3.63871 -3.68375 -0.310608 0.0950422 0.0248172 -0.00278113 -3.64211 -3.68965 -0.327979 0.121868 0.0196108 -0.00324685
-2.50124 -2.38234 -0.00332959 0.0123703 0.016354 -0.0240451 -2.48365 -2.37644 -0.0285841 0.0106524 0.0157269 -0.0233731
-2.50985 -2.4258 -0.12777 0.157953 -0.152168 -0.0621343 -2.51458 -2.47739 -0.150463 0.139225 -0.156875 -0.0643273
-2.84304 -2.76931 -0.0737227 -0.0103925 0.004388 0.0110479 -2.85413 -2.79126 -0.089968 -0.0136738 -0.000782979 0.011293
-2.22768 -2.25284 -0.128067 -0.00838716 -0.0744739 -0.113134 -2.26597 -2.22236 -0.146092 -0.00398807 -0.0836342 -0.109911
-2.69289 -2.72549 -0.0701553 -0.0157861 -0.0359752 -0.0362154 -2.70168 -2.72056 -0.0885403 -0.00975805 -0.0304836 -0.0365719
-2.29789 -2.69716 -0.219537 -0.117817 -0.0167708 0.171983 -2.26076 -2.69865 -0.255674 -0.144653 0.00555538 0.164349
-2.66882 -2.53203 -0.127938 0.534687 0.109557 -0.146938 -2.68951 -2.48695 -0.150899 0.535377 0.11801 -0.137598
-2.74957 -2.85049 -0.0266621 0.02681 0.00336082 0.00222837 -2.77565 -2.86713 -0.0453791 0.0311243 0.00143037 0.000835058
-2.79997 -2.82943 -0.205077 -0.192234 -0.0608777 -0.0844518 -2.77382 -2.79672 -0.223158 -0.201359 -0.0724471 -0.105574
-1.9101 -2.21764 -0.0228435 -0.0202671 0.0259935 -0.291305 -1.91383 -2.17635 -0.0446037 -0.0418624 0.0294897 -0.290013
-2.36099 -2.3471 -0.234624 0.0222356 0.0361256 -0.0504308 -2.3748 -2.32407 -0.267104 0.0364678 0.0657024 -0.0457805
-2.74258 -2.60419 -0.0161242 -0.0237177 -0.0564281 0.00790847 -2.73948 -2.61313 -0.0399975 -0.0353391 -0.0568037 0.0124459
-2.28565 -1.85451 -0.0259799 0.139485 0.12559 0.102734 -2.29142 -1.87156 -0.0521615 0.137898 0.125942 0.097488
-2.15114 -2.19877 -0.14019 0.0897489 -0.0568219 -0.065406 -2.17122 -2.23361 -0.166902 0.0897754 -0.0637481 -0.0610485
-2.80731 -2.90003 -0.21182 0.204674 -0.10628 -0.0969796 -2.82576 -2.90264 -0.234635 0.198507 -0.0994298 -0.0967091
-2.72672 -2.71911 -0.27411 -0.136536 0.152013 0.163712 -2.7595 -2.68739 -0.291468 -0.132327 0.148974 0.177079
-2.50571 -2.74354 -0.225542 0.000135801 0.0732339 0.0490916 -2.51972 -2.61679 -0.249311 -0.0200701 0.0718643 0.0492374
-1.80268 -1.74117 -0.219786 -0.190141 -0.153132 -0.0369667 -1.74201 -1.60805 -0.247626 -0.245833 -0.171529 -0.0349611
-2.98354 -2.41832 -0.290703 0.070793 -0.136308 -0.212779 -3.03287 -2.40695 -0.309639 -0.00221694 -0.107727 -0.192069
-2.18257 -2.16484 -0.068707 -0.138771 0.217043 0.171349 -2.18575 -2.17176 -0.0963257 -0.153072 0.233948 0.167979
-2.89717 -3.10677 -0.276417 0.111348 0.0755689 0.0350775 -2.87368 -3.07277 -0.29931 0.108792 0.0813229 0.0409497
-2.07372 -3.26385 -0.399716 -0.274776 0.453556 0.0643254 -2.07892 -3.19173 -0.41823 -0.208733 0.450874 0.0149439
-3.15139 -2.79709 -0.118462 0.0165392 -0.197902 -0.128436 -3.16124 -2.83597 -0.140924 0.00505838 -0.205988 -0.127586
-2.56381 -2.56897 -0.0690123 0.0433538 0.145582 0.0824571 -2.5971 -2.57828 -0.0852513 0.0227733 0.146664 0.0813651
-2.63398 -2.65047 -0.126182 0.105921 -0.0594467 -0.111923 -2.64411 -2.64803 -0.149292 0.116658 -0.0594552 -0.110282
-3.05601 -2.62797 -0.359404 0.0572391 0.00571091 -0.199335 -3.0644 -2.56819 -0.390328 0.0521193 0.012872 -0.193705
-2.28112 -1.77706 -0.107629 -0.0836247 0.120799 0.120671 -2.23518 -1.76616 -0.127883 -0.0646743 0.117068 0.120784
-3.0025 -3.33143 -0.220192 0.103863 0.129217 -0.116093 -3.07241 -3.32867 -0.232252 0.137894 0.14574 -0.11715
-2.24644 -2.47251 -0.292349 -0.154106 0.0511872 -0.0311037 -2.26984 -2.48358 -0.318508 -0.200771 0.0627649 -0.0213425
-2.49246 -1.95042 -0.269142 -0.0322156 -0.224716 -0.118788 -2.46328 -1.96172 -0.302795 -0.0664145 -0.23008 -0.118837
-2.81501 -2.13564 -0.35945 -0.126162 0.118964 -0.374235 -2.83005 -2.07133 -0.380537 -0.16524 0.117851 -0.389865
-2.62489 -2.51501 -0.0478129 -0.195149 0.0106023 -0.0194209 -2.61373 -2.51604 -0.069603 -0.188439 0.00875374 -0.0200221
-2.40122 -2.25872 -0.0275943 0.0878219 -0.00745926 0.0261671 -2.4185 -2.26767 -0.0551246 0.106447 -0.00616326 0.0242477
-2.74505 -3.15163 -0.256608 0.0640534 0.0304853 -0.34636 -2.69886 -3.07741 -0.293386 0.0878368 0.0124123 -0.337133
-2.6467 -2.06878 -0.15834 -0.13864 -0.121803 -0.0758779 -2.63641 -2.12158 -0.189154 -0.140517 -0.140703 -0.0641638
