-0.594829 0.140773 -0.0278412 -0.197751 0.0292724 -0.00862455 -0.62043 0.152628 -0.036168 -0.19089 0.0304863 -0.00877482
1.6165 -0.548275 -0.0186474 0.239981 0.0134081 0.0199887 1.62604 -0.540828 -0.0276623 0.249408 0.0127355 0.0205373
-0.866598 -1.35001 -0.0448659 0.489805 -0.00376509 0.0273126 -0.869 -1.34237 -0.0526296 0.51097 -0.00369786 0.0289321
-0.345163 -1.00822 -0.0646663 0.060288 0.0187852 -0.0213863 -0.354775 -0.994538 -0.0719471 0.0586986 0.0166843 -0.0202359
1.50915 0.0148735 -0.0306995 -0.163349 -0.00699447 0.0311049 1.55303 0.0220445 -0.0381039 -0.184528 -0.00680786 0.0294789
-1.30044 0.313389 -0.0267109 0.4571 0.00760808 0.0418298 -1.29213 0.307538 -0.0343529 0.463833 0.00740625 0.0421129
2.13475 -0.279477 -0.0396748 0.142295 0.00206325 0.00327045 2.12858 -0.297691 -0.0456166 0.136925 -0.0009925 0.00385875
-0.361035 1.27676 -0.0214578 0.101485 -0.0234275 0.0164064 -0.368925 1.28052 -0.0288082 0.104109 -0.0243225 0.0177862
-0.301199 -1.25189 -0.0423728 -0.234522 0.0626078 -0.0106438 -0.286805 -1.23233 -0.0511352 -0.218904 0.0648532 -0.0102948
0.177407 0.321995 -0.0319337 -0.0661287 -0.019214 0.0513714 0.168719 0.324277 -0.040128 -0.0535561 -0.0192775 0.0500109
1.62969 -0.311924 -0.0254882 0.593858 -0.0330329 -0.0363795 1.65901 -0.30123 -0.0335361 0.597846 -0.0328255 -0.0364775
-0.430677 0.49294 -0.0393624 -0.27979 0.00451076 0.0208601 -0.422445 0.502592 -0.0476661 -0.291056 0.00426393 0.0219129
1.05557 1.16486 -0.0278849 -0.504983 0.0116171 0.0455787 1.05597 1.16424 -0.0340859 -0.507824 0.012295 0.0450566
-0.67798 -0.637093 -0.0298272 0.448824 0.0237435 -0.0174281 -0.685095 -0.651231 -0.0377002 0.45587 0.0222086 -0.0175039
-1.11229 -0.454033 -0.0330469 -0.23653 -0.0413976 0.027539 -1.08474 -0.450587 -0.0418032 -0.236313 -0.0412309 0.0271977
1.48265 1.0877 -0.0362487 -0.201245 -0.0550533 0.0132742 1.43975 1.07163 -0.044088 -0.170864 -0.0540896 0.0129287
1.70701 0.74929 -0.0364256 -0.33267 -0.0255823 -0.0372776 1.70166 0.729719 -0.044438 -0.330939 -0.0259402 -0.0365089
-0.50195 1.48408 -0.0575595 0.616117 -0.0399327 0.0220815 -0.467503 1.52052 -0.0663184 0.620611 -0.0405107 0.0226323
-0.357194 -0.270309 -0.0321621 0.267383 0.00985126 0.0317701 -0.352341 -0.238868 -0.0400138 0.278327 0.00923214 0.0328982
1.41192 0.392473 -0.0314086 -0.112578 0.0396444 -0.00889291 1.3933 0.384211 -0.0379888 -0.137345 0.0409132 -0.00986161
-0.564372 -0.248326 -0.0440415 0.437177 0.0190862 -0.0381061 -0.555328 -0.249208 -0.0515054 0.433216 0.0212579 -0.039075
0.00437508 1.09632 -0.0439394 -0.134141 0.0104876 -0.0496759 0.015802 1.09158 -0.0525745 -0.129337 0.0106916 -0.0485855
-0.121439 1.18346 -0.0312089 0.0262477 0.020791 0.0399651 -0.127852 1.17381 -0.0385132 0.0241639 0.0209287 0.0380061
1.49609 0.727599 -0.0170265 0.466087 -0.0317523 0.00469598 1.491 0.707032 -0.0247988 0.454369 -0.0331084 0.00494143
0.488033 -0.200443 -0.0363258 -0.358618 0.0121916 0.0107399 0.482906 -0.186627 -0.043472 -0.358429 0.0121468 0.0108354
-0.459428 1.51638 -0.0458282 -0.0353994 -0.00426124 0.00691333 -0.445319 1.53368 -0.0541043 -0.0241936 -0.00448054 0.00850036
2.49277 2.79055 -0.0194812 0.56808 0.0585628 0.033462 2.49454 2.7732 -0.0272505 0.567236 0.058888 0.0334986
-0.633291 -1.28805 -0.0439154 0.434293 -0.00886124 0.0173611 -0.621067 -1.2693 -0.0526307 0.433641 -0.00914089 0.018723
-0.0763904 1.75294 -0.0238913 0.123959 -0.00343592 -0.00538711 -0.0771382 1.74916 -0.0320713 0.117157 -0.00165375 -0.00411304
0.162238 1.41815 -0.05186 0.199376 0.0422435 0.0377524 0.188801 1.44132 -0.0610036 0.202986 0.0437014 0.0360312
-0.645715 -0.121839 -0.0339456 -0.292479 0.00108023 0.0403651 -0.624076 -0.14182 -0.0428727 -0.280147 0.00068375 0.0419107
0.624617 0.937222 -0.0266655 -0.395006 -0.00552494 -0.0388604 0.625389 0.949918 -0.0337418 -0.394534 -0.00519339 -0.0387427
-0.738935 -1.00423 -0.0283042 -0.125348 0.0495964 -0.00238749 -0.734142 -0.985518 -0.0367929 -0.129807 0.0483243 -0.00125857
0.503978 0.43393 -0.0283798 -0.380094 0.0718813 -0.00509101 0.508679 0.439269 -0.0364639 -0.357724 0.0726486 -0.00491554
-0.923124 -0.818584 -0.0154788 -0.438123 -0.037143 -0.00918929 -0.943257 -0.829832 -0.0228346 -0.454245 -0.0365154 -0.00937643
-0.524702 0.746283 -0.035158 -0.304652 0.0390998 0.0275224 -0.554994 0.729174 -0.0425802 -0.287475 0.0388859 0.027323
0.128984 0.388211 -0.0457912 0.232919 0.0140586 0.00135651 0.120512 0.380524 -0.0525146 0.235844 0.0149061 -0.000345
1.11433 0.570898 -0.0396528 0.37687 0.0518784 0.0267774 1.13087 0.552297 -0.0474721 0.376878 0.0531725 0.0267189
-0.648713 0.721344 -0.0411546 0.556053 -5.22153e-05 -0.0138686 -0.628563 0.708912 -0.0479975 0.558109 0.0010525 -0.0140171
-0.391857 -1.24025 -0.0367888 -0.105587 -0.0144376 -0.0321307 -0.379929 -1.23786 -0.0448634 -0.111872 -0.0144614 -0.0330014
-0.68203 -0.653432 0.00149429 0.0759741 0.00960268 0.00429975 -0.679805 -0.645549 -0.00920464 0.0743966 0.00983714 0.00275732
-0.876662 -0.63527 -0.121203 -0.23196 -0.116327 -0.0200074 -0.910101 -0.626128 -0.131177 -0.244357 -0.117411 -0.0217984
-0.759684 -0.754254 -0.0192553 -0.00517623 -0.00964152 0.00690109 -0.754025 -0.75485 -0.0302407 -0.00599214 -0.00780054 0.00783107
-0.869561 -1.02342 -0.122415 0.114136 -0.096054 0.0265799 -0.890598 -1.0354 -0.138213 0.104882 -0.100406 0.0257075
-0.69502 -0.659739 -0.0146914 0.0834793 0.00250913 0.026559 -0.705624 -0.659909 -0.0220832 0.0849427 0.00109429 0.0235775
-0.618853 -0.782989 -0.0782909 -0.0280921 -0.0194349 0.132422 -0.610433 -0.790689 -0.086958 -0.0164879 -0.0213661 0.132595
-0.393451 -0.359651 0.00192175 -0.0346668 0.00112418 -0.0111114 -0.394163 -0.359714 -0.00442125 -0.0399321 0.00120375 -0.0106691
-0.760657 -0.716636 -0.0197239 -0.0271297 0.00949046 -0.00741488 -0.755777 -0.720049 -0.0296188 -0.0299812 0.0114136 -0.0111462
-0.400093 -0.253012 -0.0505896 0.126859 0.0126301 0.0594902 -0.412998 -0.22684 -0.0639802 0.133905 0.014102 0.0663616
-0.782193 -0.659531 -0.0143754 0.0322329 0.0111805 -0.0220518 -0.793348 -0.661695 -0.024398 0.0352925 0.0120861 -0.0220054
-0.778618 -0.910291 -0.023312 -0.0355793 0.0128396 0.00759152 -0.77237 -0.915035 -0.0341257 -0.0381993 0.0123734 0.00838411
-0.683919 -0.721794 8.97437e-05 0.0334935 -0.0116379 0.0221873 -0.675373 -0.71174 -0.0106177 0.0318086 -0.0128714 0.0230538
-0.515085 -0.861765 -0.156303 -0.2272 0.0320821 -0.0919202 -0.522308 -0.88282 -0.170277 -0.243848 0.0388909 -0.086662
-0.641929 -0.723639 -0.150353 0.0134153 0.059928 0.100484 -0.644275 -0.720799 -0.161205 0.0127679 0.0565864 0.101208
-0.526689 -0.595625 -0.110056 0.19386 -0.00814225 -0.167053 -0.539637 -0.601148 -0.116143 0.185167 -0.00975464 -0.166177
-0.678817 -0.80421 -0.0080009 -0.0321631 -0.0119607 -0.0105792 -0.671794 -0.809915 -0.0186 -0.0366293 -0.0108889 -0.00963411
-0.897447 -0.82584 -0.103958 0.226514 -0.0354445 -0.0799203 -0.881305 -0.837104 -0.110924 0.24451 -0.0310293 -0.0840045
-0.80539 -0.628021 -0.0103992 -0.00434924 0.0145816 0.00222851 -0.798644 -0.627068 -0.0188716 -0.00883714 0.0143329 0.00214839
-0.433301 -0.46814 -0.038463 0.206056 -0.0443236 -0.132587 -0.404972 -0.470008 -0.043258 0.210474 -0.0537032 -0.140741
-0.569521 -0.58211 0.00315811 0.0273786 -0.0151776 -0.0120256 -0.564089 -0.578886 -0.00577214 0.0242275 -0.0144861 -0.0117291
-0.707977 -0.821747 -0.0248163 -0.0148611 0.00253099 0.0261479 -0.708463 -0.822586 -0.0342602 -0.0167452 0.00169339 0.02291
-0.739178 -0.696907 -0.0256356 0.00824606 0.00950975 0.0153888 -0.745718 -0.70096 -0.0360404 0.00708375 0.0100923 0.0134866
-0.647896 -0.635133 -0.0047777 0.0331054 0.0142502 -0.00337353 -0.653592 -0.625939 -0.0132202 0.0375661 0.0157757 -0.00310339
-0.395752 -0.766031 -0.125822 -0.190607 -0.0109604 -0.00411326 -0.375641 -0.79324 -0.131991 -0.220867 -0.0139391 -0.00770946
-0.636953 -0.678716 -0.0112447 0.0631375 -0.0138378 0.000493845 -0.633509 -0.693613 -0.0220757 0.0694286 -0.0119077 -0.000540536
-0.507018 -0.640767 0.00662588 0.0389928 0.00399971 0.00143618 -0.501797 -0.643335 -0.00337625 0.0359657 0.00549179 0.00165446
-0.84232 -0.925814 -0.0308262 0.0192006 0.0228046 -0.0433187 -0.857098 -0.926806 -0.0414279 0.0170246 0.0222721 -0.0427407
-0.642994 -0.644263 0.000831843 0.0123431 0.029682 -0.012667 -0.646405 -0.649156 -0.00930161 0.0116464 0.0292475 -0.0153702
-0.690245 -0.776736 -0.011443 -0.000270179 0.0141378 0.00535284 -0.693074 -0.778801 -0.0209111 -0.00353321 0.0130795 0.00498786
-1.16822 -0.558661 -0.134476 0.159185 0.0699259 -0.0672931 -1.16121 -0.565613 -0.143439 0.138142 0.0710036 -0.0649961
-0.726161 -0.700752 -0.0814705 -0.121632 -0.0724353 -0.113306 -0.699382 -0.683159 -0.0912157 -0.135262 -0.0784977 -0.116581
-0.94381 -0.961031 -0.0539432 0.000468229 -0.011183 -0.0234536 -0.955754 -0.960601 -0.0611013 -0.00158714 -0.0141957 -0.0203436
-0.617461 -0.792739 -0.0306938 -0.00227775 0.0278136 0.0442524 -0.630318 -0.816028 -0.0399704 0.00377232 0.0219952 0.0428891
-0.754253 -0.963315 -0.0654962 0.173762 0.0182121 -0.0109786 -0.762899 -0.969065 -0.0747377 0.171354 0.0200646 -0.00976161
-0.707511 -0.724423 -0.0975441 -0.00124863 0.0315926 0.0475549 -0.727396 -0.741239 -0.104444 -0.000929464 0.035037 0.0479112
-0.733248 -0.58285 -0.035579 0.0107931 -0.0114816 0.0071699 -0.733395 -0.582344 -0.0460507 0.0218823 -0.0117343 0.00502196
-0.959936 -0.624243 -0.0864647 0.0311031 -0.0195006 -0.062094 -0.943718 -0.622357 -0.100427 0.035363 -0.0138505 -0.0619029
-0.852818 -0.820953 -0.149003 -0.111922 0.0994998 -0.0242994 -0.858186 -0.805287 -0.160337 -0.104841 0.0981721 -0.0286605
-0.614045 -0.959733 -0.0397261 0.137456 -0.0709651 0.0327531 -0.62494 -0.955439 -0.045983 0.125906 -0.0719816 0.0331763
-0.78069 -0.609465 -0.0349627 -0.082475 -0.0199318 -0.00658366 -0.788977 -0.59112 -0.0429684 -0.0852616 -0.0190198 -0.0184568
-0.937248 -0.648183 -0.0680854 -0.197141 0.0378055 0.0104342 -0.929137 -0.645217 -0.0762984 -0.203903 0.0391386 0.0144898
-0.772265 -0.615226 -0.0361442 -0.0551984 0.0162208 -0.0184862 -0.771615 -0.616096 -0.0450443 -0.0635109 0.015565 -0.0206893
-0.865586 -1.16145 -0.0722622 0.0205554 0.0403088 0.116719 -0.870807 -1.17568 -0.0841179 0.0386898 0.0415754 0.109202
-0.471025 -0.51885 -0.0454405 -0.103549 0.0104327 0.0416716 -0.469379 -0.520102 -0.052993 -0.114662 0.0114666 0.0433705
-0.641709 -0.579411 -0.0188187 -0.00175846 -0.0142544 0.0789696 -0.64185 -0.55965 -0.0273164 0.0049125 -0.0169488 0.07859
-0.580037 -0.584313 -0.0357719 0.00999183 0.0238471 -0.003288 -0.566007 -0.583519 -0.0452562 0.00780357 0.0237407 -0.00289661
-0.780876 -0.797025 -0.0495177 0.0968113 0.00627951 -0.0156555 -0.784757 -0.783665 -0.0587216 0.109027 0.00888268 -0.0194843
-0.776358 -0.461292 -0.0267783 -0.0124151 0.00250551 0.0566827 -0.776262 -0.4554 -0.034698 -0.0154325 0.00384018 0.0555884
-0.740471 -0.719804 -0.063817 0.0549747 0.0916096 0.0494528 -0.729877 -0.727078 -0.072815 0.0518293 0.09307 0.0495113
-0.584578 -0.654937 -0.0319859 0.0363761 0.011646 -0.0637626 -0.586303 -0.672155 -0.0398305 0.0413373 0.0105184 -0.0675386
-0.224024 -0.678928 -0.0643871 -0.0267286 -0.0692583 0.0373055 -0.204784 -0.680181 -0.0715563 -0.0585284 -0.0760661 0.0448209
-0.567359 -0.675569 -0.0373849 -0.0873253 -0.0368887 0.0042695 -0.5781 -0.671027 -0.047 -0.0895909 -0.0358402 0.00266875
-0.620874 -0.645675 -0.0299099 -0.168181 0.0638498 -0.0170556 -0.627675 -0.648892 -0.039115 -0.16571 0.06608 -0.0183355
-0.610556 -0.641644 -0.0846321 0.0807149 0.00604175 -0.0201278 -0.588347 -0.624811 -0.0976543 0.0901043 0.00297411 -0.0175379
-0.389392 -0.490971 -0.0366592 -0.048656 -0.0618972 0.018845 -0.40441 -0.494746 -0.0416405 -0.0500882 -0.0610055 0.021438
-0.669582 -0.687134 -0.0361399 -0.11784 0.0146596 0.0295567 -0.639658 -0.671324 -0.0431798 -0.130791 0.0172905 0.0309236
-0.840751 -0.671859 -0.0485861 -0.016564 -0.0111593 0.054432 -0.845036 -0.684279 -0.0563916 -0.0195566 -0.0102346 0.0547245
-0.722844 -0.710206 -0.029983 0.0403888 0.0194965 0.00893457 -0.707465 -0.711929 -0.0361225 0.0285382 0.0155379 0.00989036
-0.748934 -0.867527 -0.0208447 -0.0629446 0.0423331 0.0445598 -0.752166 -0.889972 -0.0341502 -0.0561846 0.0462418 0.0449184
-0.849693 -0.750273 -0.118932 -0.153299 0.04713 0.0713259 -0.87553 -0.74871 -0.126916 -0.148594 0.0383316 0.0768514
-0.866881 -0.841409 -0.155219 -0.0607132 -0.0375382 0.0186032 -0.867495 -0.839216 -0.163661 -0.0731887 -0.0341314 0.018512
-0.799444 -0.90936 -0.115719 0.00401866 0.194208 0.0227286 -0.816011 -0.896764 -0.126861 -0.00169179 0.194834 0.0217189
-0.708274 -0.530265 -0.0479406 -0.095779 0.0198197 -0.0133459 -0.708807 -0.518532 -0.0580648 -0.0966893 0.0185766 -0.0171191
-0.791168 -0.735699 -0.073707 -0.0177008 -0.0444973 -0.0504064 -0.761938 -0.746712 -0.0788152 -0.0303779 -0.0452316 -0.0544011
-0.640461 -0.771452 -0.0347217 0.0513197 0.0252498 0.0201485 -0.638239 -0.757358 -0.0453841 0.0555495 0.0226289 0.0172468
-0.543063 -0.726324 -0.0502868 -0.114622 0.0550594 -0.0613598 -0.542005 -0.711107 -0.0601661 -0.113436 0.0510907 -0.0643259
-0.406943 -0.662546 -0.0214801 -0.153301 0.0542661 -0.0154564 -0.401952 -0.651827 -0.0333043 -0.155861 0.0495505 -0.0209557
-1.00265 -0.609123 -0.0944323 0.0519692 0.0248638 0.0462959 -1.01562 -0.613005 -0.105117 0.0565066 0.0239693 0.0465307
-0.835327 -0.994826 -0.0481854 0.113843 -0.0231709 -0.126039 -0.821983 -1.00989 -0.0580298 0.105127 -0.0239707 -0.11971
-0.797307 -0.44565 -0.124575 -0.0387389 -0.0102865 0.0378967 -0.829541 -0.452406 -0.134309 -0.0477173 -0.0087675 0.0283773
-0.670336 -0.617127 -0.0433973 -0.0790882 -0.0203915 0.0387675 -0.674019 -0.628607 -0.0490687 -0.0698295 -0.0180695 0.0318605
-0.49424 -0.683333 -0.0216194 -0.0959591 0.0116231 -0.0632261 -0.49514 -0.693077 -0.029783 -0.0975091 0.0124152 -0.0605982
-0.493963 -0.642608 -0.00384782 -0.0674236 0.0166456 -0.0184367 -0.479972 -0.633454 -0.01077 -0.0677041 0.0142839 -0.0164632
-0.654046 -0.718883 -0.0146764 0.0936085 -0.0292335 -0.0593071 -0.640399 -0.734767 -0.0291698 0.0875807 -0.0275164 -0.0607864
-0.614245 -0.516416 -0.0164149 -0.0360531 -0.0209112 0.0135913 -0.607663 -0.522642 -0.0252738 -0.0247457 -0.0186838 0.0179871
-0.794838 -0.482074 -0.0968801 -0.0299662 0.0121334 0.0407682 -0.757899 -0.467186 -0.104201 -0.0372441 0.0168095 0.0369082
-0.834968 -1.02324 -0.11387 0.0330857 -0.0114007 -0.0321318 -0.852025 -1.05399 -0.121103 0.0206988 -0.012833 -0.0303814
-0.472719 -0.540759 -0.104981 -0.175866 0.0289129 0.0102929 -0.456745 -0.522422 -0.112116 -0.174097 0.0313605 0.0119304
-0.750232 -1.13551 -0.122845 -0.0506031 -0.0339116 0.0828586 -0.739581 -1.14478 -0.135596 -0.0397421 -0.0337311 0.079057
-0.539586 -0.679814 -0.0236804 -0.20568 0.026034 -0.132139 -0.528377 -0.679468 -0.032157 -0.202548 0.0255189 -0.133182
-0.34044 -0.588679 -0.0550919 -0.111675 0.0603099 0.00162393 -0.31356 -0.575744 -0.0652523 -0.107642 0.0581198 0.00304661
-0.946597 -0.534506 -0.152767 -0.0240394 -0.0275823 0.0472808 -0.941919 -0.534805 -0.163274 -0.0272011 -0.0308168 0.0474055
-0.770347 -0.831342 -0.0576675 0.059177 -0.01328 0.00276577 -0.780968 -0.846428 -0.0662025 0.0643575 -0.0133489 0.000376607
-0.848309 -1.01754 -0.0382868 0.0730658 0.0280463 0.00903636 -0.839789 -1.04625 -0.0441596 0.0667796 0.0200666 0.00373393
-0.734146 -0.937837 -0.0591358 -0.00966105 -0.0593741 -0.0619527 -0.729461 -0.916667 -0.0707045 -0.0188954 -0.0556596 -0.0655884
-0.633259 -0.580726 -0.0652597 0.008428 0.00304228 0.0206251 -0.627067 -0.592238 -0.0731984 0.0106945 0.00994821 0.0254461
-0.376871 -0.484114 -0.0233592 0.0624606 -0.00386873 -0.0654963 -0.387309 -0.471134 -0.0316927 0.0812739 -0.00399518 -0.069532
-0.82064 -0.807366 -0.0692771 0.013443 0.00572982 0.0254016 -0.798841 -0.825423 -0.0755336 0.0142298 0.00673875 0.0209732
-0.66704 -0.659137 -0.0313303 -0.0616572 -0.0223583 0.0551155 -0.670909 -0.669622 -0.0389348 -0.0628516 -0.0238732 0.0557898
-0.319646 -0.683889 -0.0724 0.0658854 0.0323694 0.00648832 -0.324112 -0.695548 -0.0830364 0.0724107 0.032638 0.00439893
-0.489347 -0.683007 -0.0731408 0.00159488 0.0485088 -0.0269508 -0.476316 -0.687301 -0.080533 -0.00195911 0.0486979 -0.0264621
-0.786476 -0.451852 -0.0571046 -0.0299994 -0.0166127 -0.0760248 -0.773939 -0.437379 -0.0634171 -0.0211154 -0.0109311 -0.0791352
-1.08685 -0.917961 -0.0564337 -0.0199999 0.0613106 -0.0121176 -1.07195 -0.920008 -0.0668877 -0.0279098 0.0581893 -0.0138661
-0.884385 -1.07935 -0.0917447 -0.0267191 -0.0219645 0.0352431 -0.893581 -1.10457 -0.101325 -0.0317475 -0.0255107 0.0316946
-0.633501 -0.838245 -0.0402905 0.0484158 0.0849048 0.0529375 -0.605122 -0.864065 -0.0518796 0.0512996 0.087893 0.0562466
-0.805783 -0.877993 -0.128862 -0.00544609 0.0508413 -0.0266904 -0.81212 -0.873747 -0.134456 0.0249046 0.0557027 -0.0341732
-0.84679 -0.761013 -0.086472 -0.0261326 -0.0139046 -0.122207 -0.83329 -0.76495 -0.0975814 -0.0170218 -0.0119071 -0.120869
-0.904874 -0.994023 -0.0796186 0.0193483 0.00471317 0.0194639 -0.9128 -0.988952 -0.0928214 0.0240527 0.00526607 0.0189723
-0.654867 -0.791035 -0.0787548 0.117327 0.0473732 -0.0587814 -0.660619 -0.78728 -0.0882766 0.124606 0.0506171 -0.0564705
-0.870601 -0.404728 -0.0766208 -0.158397 0.141798 -0.0401091 -0.89116 -0.370856 -0.0837834 -0.156675 0.141363 -0.0366459
-0.834849 -0.891836 -0.100632 0.0104612 0.0690436 -0.0604789 -0.831099 -0.893594 -0.109584 0.0119975 0.0709691 -0.0636343
-0.64386 -0.585773 -0.0179942 0.0284287 -0.0529895 0.00278905 -0.627458 -0.577524 -0.0281704 0.0278188 -0.0551457 0.00443964
-0.906971 -0.627514 -0.0310808 0.00212987 -0.0671699 0.00748407 -0.923301 -0.621188 -0.0385607 0.00306839 -0.0650641 0.00789893
-0.68131 -0.440951 -0.104834 -0.0332634 -0.0137055 0.0348481 -0.69571 -0.441477 -0.116517 -0.0392054 -0.00830554 0.0357568
-0.707977 -0.649988 -0.0274645 0.0242785 -0.0618126 -0.00917421 -0.707868 -0.652493 -0.034417 0.022797 -0.0608898 -0.00604518
-0.978196 -0.924111 -0.189107 0.178324 -0.0622262 0.0581059 -0.980606 -0.935296 -0.202106 0.180753 -0.0683127 0.057998
-0.851336 -0.494078 -0.0911175 -0.0641365 -0.133399 -0.08578 -0.871043 -0.479662 -0.100565 -0.0763123 -0.140887 -0.0874398
-0.764297 -0.586546 -0.0227442 -0.0424581 0.025065 0.0144807 -0.772676 -0.58521 -0.0326113 -0.0286645 0.0255764 0.0130134
-0.921813 -0.670306 -0.0284089 0.155315 0.0482295 0.00121714 -0.932381 -0.68373 -0.0375071 0.171028 0.0444502 0.00361036
-0.801254 -0.966036 -0.138717 -0.0442307 -0.00635443 0.00165476 -0.787458 -0.956925 -0.146897 -0.0549486 -0.00837982 0.00609679
-0.930678 -0.669767 -0.0341755 -0.0745769 0.0255679 -0.0183767 -0.942133 -0.667311 -0.0436082 -0.0754479 0.0272211 -0.0197159
-0.658879 -0.690311 -0.0391322 -0.133172 -0.0252425 -0.0244051 -0.663631 -0.687184 -0.0493132 -0.143179 -0.024147 -0.0217104
-0.667019 -0.519972 -0.0217571 0.0617029 0.017472 0.0339567 -0.688148 -0.518928 -0.0274559 0.0661246 0.0205473 0.0346127
-0.438768 -0.548672 -0.0479701 -0.108435 -0.0354528 0.0322725 -0.452603 -0.537389 -0.0586098 -0.108763 -0.0323418 0.0322179
-0.636278 -0.4196 -0.0398156 0.0138866 0.0711468 0.040421 -0.645711 -0.422768 -0.0525936 0.0118282 0.0756543 0.0398838
-0.49716 -0.705876 -0.0446285 0.136698 0.049505 0.00861383 -0.506581 -0.714064 -0.0521757 0.150979 0.0468141 0.00952
-0.624701 -0.82675 -0.141676 -0.0352225 0.00309209 -0.0104007 -0.633165 -0.830468 -0.150624 -0.0157895 0.00576089 -0.0197489
-0.762828 -0.765685 -0.03318 0.0371797 0.0206205 -0.0211471 -0.766736 -0.753924 -0.041563 0.0360477 0.0195518 -0.0221543
-0.68969 -0.408888 -0.00262374 -0.0646616 0.0453407 -0.0283939 -0.693115 -0.426838 -0.0126529 -0.0688111 0.0462989 -0.0260987
-0.542538 -0.352342 -0.0712345 -0.0216591 -0.0876687 0.0617663 -0.546882 -0.346152 -0.0796018 -0.0246082 -0.0881973 0.0682321
-0.782717 -0.876943 -0.0443582 -0.599959 -0.00166272 -0.007517 -0.81312 -0.900523 -0.0524094 -0.597002 -0.00298651 -0.00718619
2.02684 1.95005 -0.0428649 -0.079986 0.0249608 0.0641642 2.06371 1.92367 -0.0523803 -0.0739071 0.0252676 0.0650137
-0.451056 -0.672742 -0.0216464 -0.440157 0.0032381 0.0414281 -0.462458 -0.707892 -0.0291457 -0.434873 0.00330254 0.0420781
1.39093 1.87653 -0.0107432 0.620758 -0.00140059 -0.0127373 1.34924 1.89019 -0.0189878 0.637692 -0.000251111 -0.0133384
1.09536 0.35035 -0.0317732 0.859389 -0.00972979 0.0271129 1.11096 0.359519 -0.0392267 0.855719 -0.00967619 0.0277743
2.88388 0.76785 -0.0274403 0.655329 0.0361093 0.0929974 2.88631 0.750843 -0.0355351 0.66228 0.0383484 0.0940722
1.97567 -0.209097 -0.0427822 -0.141146 -0.0403094 0.0165088 2.01263 -0.235778 -0.0506781 -0.14633 -0.0390244 0.0164959
0.272594 1.25697 -0.018087 0.147661 0.0183343 0.00409357 0.260291 1.26845 -0.0263103 0.138413 0.0184416 0.00520524
-0.00199712 0.740603 -0.0245854 -0.274193 -0.0521134 -0.0304483 0.000338254 0.764582 -0.0328821 -0.275302 -0.053403 -0.0296329
0.315925 1.17609 -0.0388578 -0.309524 -0.0549863 0.0353943 0.316766 1.1908 -0.0463313 -0.308657 -0.0546935 0.0363519
0.336514 -0.75116 -0.0456619 0.00215361 -0.00413906 -0.00193726 0.345825 -0.761202 -0.0512168 0.00851603 -0.00515 -0.000867619
0.892283 1.55771 -0.0205583 0.0690584 0.0303888 0.0348274 0.895774 1.56356 -0.0300306 0.0685476 0.0301611 0.0346278
0.611561 -1.04804 -0.0341255 0.0124492 0.00929051 0.0174408 0.597068 -1.05891 -0.0413459 0.00881429 0.00985889 0.0180351
-0.0941433 -0.890253 -0.0433751 0.243397 -0.026035 0.0270343 -0.103413 -0.907078 -0.0504937 0.250741 -0.025967 0.027594
2.11552 2.05362 -0.0194774 0.492327 0.0571816 0.062963 2.09446 2.01316 -0.0268983 0.495375 0.0566708 0.0605095
0.373065 2.36782 -0.0411524 0.188705 0.0307035 -0.00240399 0.364062 2.38408 -0.0490014 0.191619 0.0311643 -0.00124222
-0.0282381 0.727843 -0.0357053 0.604558 -0.0233802 0.00116326 -0.0186814 0.724325 -0.0438097 0.607336 -0.0239014 0.00170079
0.527324 -0.0325563 -0.0410934 0.633673 0.00873065 0.0016142 0.556021 -0.0185003 -0.0488849 0.620215 0.00864746 0.00244063
2.23512 1.84945 -0.019478 0.0747926 -0.000164517 0.0212188 2.2522 1.84022 -0.0283838 0.060497 0.000214921 0.0231475
0.397115 -0.673942 -0.0325374 0.172828 0.00610237 0.0239799 0.375489 -0.683422 -0.0401644 0.186615 0.00660159 0.0237119
0.776477 0.865178 -0.0363229 -0.602042 -0.0273269 -0.00492691 0.765833 0.85733 -0.0450417 -0.60651 -0.028171 -0.00564603
2.27242 1.74548 -0.028255 -0.308567 0.0423369 0.00656888 2.25057 1.71276 -0.0363446 -0.310345 0.0409052 0.00773175
-1.05311 -0.570703 -0.0351511 0.256223 0.0238006 -0.0168766 -1.08265 -0.57835 -0.0434486 0.260374 0.0236946 -0.0158179
-1.24977 1.33933 -0.0322534 -0.244018 -0.0144178 -0.00131253 -1.25485 1.34001 -0.0390233 -0.250455 -0.0138663 -0.00131476
0.0588675 -0.898471 -0.0355492 -0.228141 0.00549458 0.0113189 0.0729133 -0.933441 -0.0436538 -0.227947 0.00601079 0.0115941
0.571644 -0.626297 -0.036645 -0.29054 0.016429 0.0272483 0.589312 -0.669293 -0.044497 -0.29994 0.0178148 0.0269832
-0.136695 1.38244 -0.0253231 -0.505718 0.0363462 -0.0109343 -0.15203 1.40205 -0.0328225 -0.496894 0.0362946 -0.0114149
0.712659 1.287 -0.0365901 0.356306 0.00770796 0.0117092 0.700597 1.29936 -0.0447384 0.368608 0.00807032 0.0128002
0.788692 -0.71816 -0.0349628 -0.0044136 -0.00789384 0.0279149 0.786419 -0.732734 -0.0426514 -0.000367302 -0.00795349 0.0285848
0.712426 0.880246 -0.0194247 0.158017 -0.0130975 0.00610954 0.694917 0.897698 -0.0279527 0.145885 -0.0134827 0.00637952
1.15847 1.63877 -0.0234939 -0.2786 -0.0643639 0.0579133 1.1571 1.62846 -0.0334637 -0.313185 -0.0651129 0.0581681
1.74644 0.441215 -0.0419638 0.372389 -0.041379 -0.0345905 1.74844 0.392098 -0.0516598 0.389243 -0.0420543 -0.0351137
-0.756368 -0.526881 -0.0358887 -0.386571 0.025028 0.00888375 -0.769777 -0.531907 -0.0435952 -0.388896 0.0244717 0.00834921
-0.525384 -0.744046 -0.0354452 0.432968 -0.0564244 0.0093836 -0.528396 -0.756643 -0.043399 0.425153 -0.0556843 0.0108481
2.15499 1.92092 -0.0221829 -0.789385 -0.078657 0.0289736 2.10714 1.93634 -0.0301938 -0.808978 -0.0790348 0.0286541
0.404708 -0.773451 -0.0203747 0.0305273 0.0249227 0.0122835 0.409978 -0.791383 -0.0282579 0.0424833 0.0245221 0.0123208
0.501976 -0.230006 -0.0325677 0.0195826 -0.010836 -0.0108646 0.504444 -0.225316 -0.0386105 0.0225414 -0.0114741 -0.0112392
1.42814 2.06986 -0.0274343 -0.760743 -0.00448444 0.0253733 1.40297 2.05787 -0.0362602 -0.775826 -0.00451683 0.0241573
-1.08458 -0.487316 -0.0426448 0.146692 0.0157519 -0.014657 -1.1029 -0.507957 -0.0500844 0.145249 0.0164168 -0.0141243
1.47635 0.666927 -0.0187532 -0.104226 -0.0173471 0.0147037 1.4695 0.680786 -0.0273738 -0.109955 -0.0165292 0.0143232
-0.926443 -0.897226 -0.00917553 -0.00146348 -0.00541646 0.00386303 -0.923057 -0.900022 -0.0186956 -0.00466381 -0.00473032 0.00460397
-0.664687 -0.768463 -0.0792816 -0.0650509 -0.0386085 0.00379817 -0.668909 -0.772137 -0.0872414 -0.0607963 -0.0366376 0.00334524
-0.984492 -0.681459 -0.0531748 0.00817965 -0.00738085 0.0666286 -0.983623 -0.677282 -0.062073 0.0148516 -0.00599825 0.0637579
-0.968738 -0.927825 -0.0178581 0.0330356 0.00576253 0.00317456 -0.962799 -0.932205 -0.0260095 0.0319206 0.00768857 0.00264476
-0.858923 -0.96136 -0.114633 -0.0565623 0.00520343 0.0519686 -0.886503 -0.952269 -0.121612 -0.0575206 0.0110744 0.0457224
-1.13275 -1.16558 -0.141436 0.178237 0.124061 0.0410639 -1.12735 -1.18479 -0.15028 0.200242 0.119998 0.0421422
-0.853238 -1.00863 -0.0838331 -0.0474167 -0.0334232 -0.0710692 -0.867106 -0.985173 -0.0927606 -0.0422106 -0.033934 -0.0731868
-1.00864 -0.939543 -0.0580159 -0.0273965 -0.0206855 0.0120626 -1.01569 -0.9373 -0.0653589 -0.0344695 -0.0210214 0.00894984
-1.02859 -0.979305 -0.0615332 0.0199606 -0.0526277 0.0822769 -1.04287 -0.984727 -0.0679343 0.0218411 -0.0526386 0.0799743
-0.928355 -0.657921 -0.0799009 0.0550251 -0.0837696 0.0149516 -0.935271 -0.651313 -0.0903003 0.0503883 -0.0860218 0.0155232
-0.918337 -0.885037 -0.0271066 -0.0305948 -0.0161185 -0.00426971 -0.925247 -0.890181 -0.0362603 -0.0379251 -0.0161614 -0.00455238
-1.0314 -1.09651 -0.0757684 -0.0270051 0.00564521 -0.010813 -1.0444 -1.11632 -0.085829 -0.0219681 0.00330206 -0.0135883
-0.862704 -0.830978 -0.0724058 -0.0749398 -0.0155837 0.0477105 -0.834727 -0.831998 -0.0803335 -0.0782519 -0.0184514 0.0460378
-1.05242 -1.03764 -0.0457778 -0.0707084 0.000338659 0.0020543 -1.05783 -1.04152 -0.0524133 -0.0742108 0.000528254 0.00547016
-0.611637 -0.687747 -0.0696817 0.0127654 -0.0161453 -0.0895906 -0.625244 -0.6758 -0.0820052 0.00715143 -0.0199554 -0.0770067
-1.05261 -0.840741 -0.055502 0.0338689 0.0341795 0.00768801 -1.04323 -0.849558 -0.062503 0.0296287 0.0338454 0.0070119
-0.643692 -0.531503 -0.0358623 -0.0157566 -0.0310139 -0.0361387 -0.624448 -0.522996 -0.0488717 -0.0102668 -0.0312911 -0.0361871
-0.694278 -0.722923 -0.0283331 0.0301128 -0.00574792 -0.0119269 -0.691961 -0.719338 -0.037754 0.0210798 -0.00522254 -0.0123867
-0.94413 -0.950638 -0.0582598 0.0929902 0.00744355 0.00893221 -0.950694 -0.952521 -0.0682005 0.0947771 0.00934873 0.00619444
-0.866437 -0.654105 -0.0308791 0.0736479 0.074644 0.0579922 -0.862957 -0.655284 -0.0412297 0.0878435 0.0741224 0.0562905
-0.903147 -0.943862 -0.00554315 -0.00489051 -0.00758461 -0.00767476 -0.909609 -0.943873 -0.0137511 -0.000638571 -0.00890683 -0.00838349
-0.763047 -0.839378 -0.0943376 0.00519985 -0.0477074 0.0399007 -0.770652 -0.842677 -0.104878 0.00689841 -0.0426883 0.0363922
-1.03987 -1.07163 -0.0813871 -0.0141103 0.0433441 0.0495639 -1.06076 -1.09698 -0.0857168 -0.0455078 0.0451064 0.0533883
-0.898964 -0.912827 -0.00539177 -0.0180225 0.00337553 -0.0158652 -0.902477 -0.915693 -0.0134237 -0.0182525 0.00325286 -0.0175279
-0.85574 -0.763869 -0.00583319 -0.0633551 0.0478857 -0.0313279 -0.842867 -0.757174 -0.0153543 -0.0700041 0.0478949 -0.0318138
-0.946456 -0.886042 -0.0167559 -0.0715735 -0.0579247 -0.0191768 -0.94877 -0.879436 -0.0266686 -0.0648519 -0.0593408 -0.0219475
-0.944941 -0.993225 -0.0461143 0.0393059 -0.0596724 0.0436772 -0.936937 -1.01449 -0.0528251 0.0334032 -0.0576541 0.0411257
-1.06419 -1.06289 -0.0493922 -0.0570114 0.0298318 0.00768316 -1.05449 -1.06009 -0.0563968 -0.0566444 0.0315252 0.00700984
-0.552082 -0.716171 -0.0582124 0.0371819 0.0539822 -0.0409863 -0.547735 -0.725994 -0.0681916 0.0436438 0.0533435 -0.0402516
-1.1093 -1.11652 -0.0545367 0.00667816 -0.00278862 0.0344933 -1.11074 -1.1239 -0.0613684 0.00998476 -0.00263524 0.0342851
-1.02646 -0.837704 -0.0553498 0.165832 -0.0999628 0.0468073 -1.01284 -0.846555 -0.0674798 0.168182 -0.10061 0.0426965
-1.01185 -0.97202 -0.0234214 0.021646 -0.00846336 0.00708715 -1.01634 -0.986015 -0.0291668 0.0215638 -0.010154 0.00702746
-0.734206 -0.987894 -0.126464 -0.0111171 -0.0632124 0.0647048 -0.74665 -0.977978 -0.135192 -0.00808651 -0.0656954 0.0537236
-1.09938 -1.10728 -0.0701225 -0.056605 0.0375624 -0.0108397 -1.09797 -1.09633 -0.0809294 -0.0651675 0.0413383 -0.00817762
-0.950898 -0.937538 -0.0166003 0.0102449 0.00574222 0.00820868 -0.950197 -0.929841 -0.0269486 0.0139235 0.00733206 0.00761857
-1.10738 -1.08211 -0.0673067 -0.00357718 0.0353819 0.0623829 -1.09764 -1.08708 -0.074743 -0.010407 0.0345303 0.0622756
-0.847992 -0.88041 -0.0190235 0.0157034 0.0251339 0.0414335 -0.854514 -0.884139 -0.0270302 0.02249 0.0217748 0.03993
-0.811245 -0.814388 -0.0158145 -0.0177298 -0.0269808 0.0313935 -0.798402 -0.805453 -0.0273894 -0.014223 -0.0248659 0.0327087
-0.572684 -0.639463 -0.0430702 -0.0378015 -0.0384354 -0.0308349 -0.564261 -0.634032 -0.0480256 -0.0369627 -0.0379987 -0.0275808
-0.898776 -0.892026 -0.0774935 0.14396 0.0553691 -0.0979097 -0.885924 -0.892057 -0.0858898 0.13012 0.0497605 -0.0985157
-1.054 -0.829278 -0.0971149 0.130329 0.0843527 0.0712722 -1.05728 -0.846537 -0.106792 0.113407 0.0863186 0.0711679
-0.777438 -0.92886 -0.103286 0.0112399 -0.039697 -0.0778174 -0.773412 -0.949659 -0.109633 0.00998143 -0.0368002 -0.0806348
-0.471521 -0.519396 -0.0763116 -0.0441203 0.0299409 -0.0263464 -0.510716 -0.500397 -0.0844384 -0.0613683 0.027323 -0.0232746
-1.20472 -1.00401 -0.102999 0.013577 -0.0874012 -0.0753295 -1.18344 -1.02126 -0.114451 0.0162565 -0.0841409 -0.0766864
-0.72136 -0.709385 -0.0930119 -0.0475753 0.00685555 -0.0958329 -0.720421 -0.708066 -0.103735 -0.04085 0.00497556 -0.0954038
-0.984037 -1.08125 -0.0348495 -0.0164896 -0.00417847 0.0394875 -0.986644 -1.07676 -0.0434465 -0.0117362 -0.0070873 0.0403262
-1.00126 -0.968378 -0.0765117 -0.0931939 0.00263569 0.0758487 -1.00431 -0.947629 -0.0846821 -0.0834146 0.00321635 0.0773643
-1.05675 -1.29593 -0.153056 -0.0760638 -0.0674797 -0.0504601 -1.06496 -1.29923 -0.154939 -0.0775409 -0.0644005 -0.0498748
-0.617496 -0.734082 -0.122823 0.0503326 0.105808 -0.128161 -0.636113 -0.75245 -0.129919 0.0439194 0.099099 -0.119402
-0.890339 -0.924708 -0.0580625 0.10641 0.0268792 -0.052453 -0.892084 -0.921376 -0.0684479 0.100647 0.0299181 -0.0501283
-1.17319 -1.05688 -0.110424 -0.0771055 -0.0226034 -0.0226148 -1.16296 -1.08161 -0.117202 -0.0780252 -0.021663 -0.0307548
-1.2174 -0.844808 -0.157249 -0.0504512 0.0365807 -0.0193426 -1.22212 -0.883398 -0.166433 -0.0441148 0.0409095 -0.0202017
-0.864603 -0.774721 0.0116311 0.0412115 0.0367475 0.0400488 -0.872318 -0.775145 0.00212286 0.0345194 0.0379876 0.0400449
-1.16519 -0.87214 -0.133756 0.0845303 0.0435229 -0.00562276 -1.16685 -0.84533 -0.141177 0.0568824 0.0409538 -0.0025173
-0.769316 -0.693048 -0.027934 0.0137236 -0.00021052 0.0260657 -0.77047 -0.684158 -0.0363198 0.00463063 -0.00179841 0.0279167
-1.0056 -1.02372 -0.0350148 0.0285371 0.0104551 0.00920689 -1.01736 -1.02166 -0.0418373 0.0294629 0.0103751 0.00951952
-0.790676 -1.11724 -0.110748 -0.0310106 0.0636838 0.0311648 -0.799881 -1.09297 -0.119036 -0.0312378 0.0603681 0.0279989
-0.958392 -0.944779 -0.00708119 0.00195955 -0.00473206 0.00825712 -0.96125 -0.948877 -0.0161467 0.00136841 -0.00522079 0.00840143
-0.631732 -0.871441 -0.050916 -0.0582397 0.0465822 0.0714334 -0.622136 -0.852828 -0.0574827 -0.0479995 0.0517124 0.0747743
-0.898007 -0.923989 -0.0273829 0.00825236 -0.01537 0.00419876 -0.899544 -0.931386 -0.0378657 0.00926937 -0.0146357 0.00588413
-0.945478 -1.23238 -0.13309 0.163815 -0.0979588 -0.0281334 -0.890142 -1.21192 -0.133976 0.164223 -0.0988322 -0.0266902
-1.02486 -0.926284 -0.067841 0.00748568 0.0244438 0.0186284 -1.01648 -0.932624 -0.0786841 0.00885476 0.0280213 0.0175646
-0.721291 -0.858931 -0.125554 -0.11519 0.0472831 0.103142 -0.733038 -0.86478 -0.13277 -0.0951648 0.0461178 0.0998692
-1.05423 -0.982947 -0.122788 -0.0545641 0.0286737 0.00949998 -1.09114 -0.954182 -0.130223 -0.0410106 0.0219122 0.0111305
-0.994622 -0.963832 -0.0166676 -0.00825602 0.00436765 -0.0075415 -0.991216 -0.966176 -0.0247514 -0.0075981 0.00520746 -0.00715365
-1.12406 -0.941264 -0.145831 0.0182562 0.0365098 -0.00862774 -1.12381 -0.940278 -0.149442 0.00899444 0.0449083 -0.0111229
-0.821786 -0.798348 -0.122545 -0.0334842 0.0418965 0.0199572 -0.810367 -0.800083 -0.125369 -0.0280981 0.0426471 0.0185235
-1.01573 -0.874825 -0.0652603 -0.0659568 -0.0625715 -0.00761983 -1.01677 -0.865787 -0.074456 -0.0712463 -0.0656387 -0.00687778
-0.862189 -0.561055 -0.0663882 -0.0502721 0.107149 0.114326 -0.870907 -0.574685 -0.0736178 -0.0723213 0.110468 0.114081
-0.909646 -0.947951 -0.00302194 0.0551856 -0.0117588 -0.00761964 -0.901583 -0.944422 -0.0144333 0.0526454 -0.0118084 -0.00688968
-0.820158 -0.734049 -0.0935906 -0.105651 0.014746 -0.0243797 -0.808069 -0.690019 -0.100493 -0.122396 0.0083854 -0.0240378
-0.952346 -0.8573 -0.0232725 -0.101484 -0.0213855 -0.0226113 -0.949459 -0.847022 -0.0320021 -0.0940994 -0.0230351 -0.023521
-1.01718 -1.03391 -0.0372014 0.0236542 0.0203249 -0.00919359 -1.00328 -1.02517 -0.0461438 0.0269616 0.0210011 -0.00768095
-0.987123 -1.01767 -0.0601524 -0.0434727 0.0457175 -0.016903 -0.967757 -1.01421 -0.0714497 -0.0490029 0.0437354 -0.0134086
-1.01765 -0.789227 -0.0760374 -0.0912939 -0.0120774 0.0362237 -1.02779 -0.781145 -0.083196 -0.076211 -0.0121137 0.0358957
-0.927207 -0.783669 -0.0528918 -0.0230013 0.0284742 -0.0479946 -0.918242 -0.789674 -0.0633678 -0.00670413 0.0289692 -0.0484538
-0.850387 -0.683821 -0.0589306 0.0136697 -0.0012298 -0.0175147 -0.851364 -0.670927 -0.0669198 0.0110089 -0.00350984 -0.0181297
-1.07315 -1.17599 -0.127239 -0.068769 0.0311521 0.0600142 -1.06803 -1.15891 -0.135517 -0.0754179 0.0313068 0.0587849
-0.870747 -0.900131 0.00840364 -0.00219405 -0.0057665 0.00910786 -0.874445 -0.898503 -0.00054 -0.00122095 -0.00590571 0.00870921
-0.828354 -0.801184 -0.0233324 -0.0255459 -0.0317372 0.00194766 -0.832129 -0.800089 -0.0298019 -0.0237173 -0.0300403 0.00119905
-1.02568 -0.93299 -0.0653934 0.0344617 0.0177366 0.0673722 -1.02079 -0.939213 -0.0756402 0.0306184 0.0128621 0.0653837
-0.910492 -0.883933 -0.0363867 -0.0145188 -0.000282875 0.040013 -0.892789 -0.879511 -0.0496183 -0.0123694 -0.00338683 0.03897
-0.633306 -0.802836 -0.0664521 0.168057 0.00555807 0.0207898 -0.631835 -0.809472 -0.0733413 0.153812 0.0105237 0.025931
-0.55797 -0.696266 -0.0386367 0.0590164 0.0977232 -0.102565 -0.559535 -0.713262 -0.0466014 0.0803968 0.0947235 -0.100344
-1.28648 -1.3024 -0.109817 0.0336025 0.00877422 -0.000983279 -1.28768 -1.30449 -0.115958 0.043087 0.00693349 -0.00114794
-0.884322 -0.842288 -0.00117719 0.00437359 0.00578202 -0.00850126 -0.878104 -0.8402 -0.010106 0.00376619 0.00556032 -0.00826365
-0.887369 -0.857652 -0.0451737 0.0558451 -0.0537997 -0.0219678 -0.889042 -0.875893 -0.0531967 0.0492235 -0.0554636 -0.0227432
-1.00517 -0.979102 -0.026065 -0.00367432 0.0015514 0.00390602 -1.00909 -0.986863 -0.0318086 -0.00483444 -0.000276825 0.0039927
-0.787607 -0.796501 -0.0452785 -0.00296531 -0.0263306 -0.0399991 -0.801142 -0.785724 -0.0516513 -0.00141 -0.0295692 -0.0388594
-0.952083 -0.963608 -0.0248037 -0.00558125 -0.0127192 -0.0128041 -0.955189 -0.961864 -0.0313038 -0.00345 -0.0107776 -0.0129302
-0.812428 -0.953591 -0.0776181 -0.0416548 -0.0059294 0.0608053 -0.7993 -0.95412 -0.0903944 -0.0511425 0.00196413 0.0581062
-0.943573 -0.89521 -0.0452329 0.189041 0.0387344 -0.0519506 -0.950886 -0.879273 -0.0533511 0.189285 0.0417229 -0.0486484
-0.972121 -1.0078 -0.00942651 0.00947879 0.00118823 0.00078785 -0.981343 -1.01369 -0.016044 0.0110041 0.000505714 0.000295238
-0.989942 -1.00036 -0.0725057 -0.0679653 -0.0215236 -0.0298583 -0.980697 -0.988792 -0.0788984 -0.0711914 -0.025614 -0.0373262
-0.675322 -0.784056 -0.00807641 -0.00716551 0.0091901 -0.102992 -0.676641 -0.769458 -0.0157698 -0.0148006 0.0104262 -0.102535
-0.834737 -0.829828 -0.0829522 0.00786149 0.0127724 -0.01783 -0.839621 -0.821685 -0.0944359 0.0128933 0.0232294 -0.0161859
-0.96965 -0.920722 -0.00570079 -0.00838548 -0.0199504 0.00279607 -0.968556 -0.923882 -0.0141413 -0.0124943 -0.0200832 0.00440032
-0.808102 -0.65567 -0.0091853 0.0493155 0.0444029 0.0363222 -0.810142 -0.661699 -0.0184419 0.0487544 0.0445273 0.0344673
-0.760546 -0.777386 -0.0495646 0.0317311 -0.0200896 -0.0231246 -0.767643 -0.789703 -0.0590087 0.0317405 -0.0225384 -0.021584
-0.992535 -1.02532 -0.0748897 0.0723634 -0.0375757 -0.0342875 -0.999059 -1.02624 -0.0829564 0.0701829 -0.0351538 -0.0341919
-0.964042 -0.961351 -0.0969128 -0.0482727 0.053745 0.0578812 -0.975632 -0.950137 -0.10305 -0.0467849 0.0526705 0.062607
-0.885903 -0.969989 -0.0797413 4.8013e-05 0.0258922 0.0173566 -0.890857 -0.925177 -0.0881449 -0.00709587 0.0254079 0.0174081
-0.637346 -0.615597 -0.0777064 -0.0672253 -0.0541403 -0.0130697 -0.615894 -0.568532 -0.0875494 -0.0869152 -0.0606448 -0.0123606
-1.05484 -0.855006 -0.102779 0.0250292 -0.0481922 -0.0752288 -1.07228 -0.850988 -0.109474 -0.00078381 -0.0380873 -0.0679067
-0.771655 -0.765388 -0.0242916 -0.049063 0.0767364 0.060581 -0.772781 -0.767834 -0.0340564 -0.0541194 0.0827133 0.0593898
-1.02431 -1.09841 -0.0977285 0.0393677 0.0267177 0.0124018 -1.016 -1.08639 -0.105822 0.0384638 0.0287521 0.0144779
-0.733172 -1.15395 -0.141321 -0.0971482 0.160356 0.0227425 -0.735012 -1.12845 -0.147867 -0.0737984 0.159408 0.00528349
-1.11419 -0.988922 -0.0418828 0.00584749 -0.0699691 -0.0454092 -1.11767 -1.00267 -0.0498243 0.00178841 -0.0728279 -0.0451086
-0.906446 -0.908272 -0.0243996 0.0153279 0.0514712 0.029153 -0.918215 -0.911562 -0.030141 0.00805159 0.0518538 0.028767
-0.931255 -0.937085 -0.0446122 0.0374488 -0.0210176 -0.0395709 -0.934836 -0.936221 -0.0527827 0.0412451 -0.0210206 -0.0389906
-1.08046 -0.929128 -0.127069 0.0202371 0.00201912 -0.0704758 -1.08343 -0.907994 -0.138002 0.018427 0.00455095 -0.0684851
-0.8065 -0.628287 -0.0380528 -0.0295659 0.0427089 0.0426638 -0.790257 -0.624434 -0.0452137 -0.0228659 0.04139 0.0427038
-1.06155 -1.17784 -0.07785 0.0367213 0.0456851 -0.0410452 -1.08627 -1.17687 -0.0821137 0.0487532 0.0515268 -0.0414189
-0.794238 -0.874166 -0.103361 -0.0544848 0.0180974 -0.0109969 -0.802512 -0.878081 -0.11261 -0.0709835 0.0221908 -0.00754571
-0.881219 -0.689579 -0.0951562 -0.0113899 -0.0794492 -0.0419979 -0.870904 -0.693574 -0.107054 -0.0234811 -0.0813459 -0.0420154
-0.995259 -0.755064 -0.127085 -0.0446053 0.0420603 -0.132313 -1.00058 -0.732328 -0.13454 -0.0584213 0.0416667 -0.137838
-0.92804 -0.889194 -0.0169045 -0.0689959 0.0037485 -0.00686633 -0.924096 -0.889555 -0.0246084 -0.0666233 0.00309492 -0.00707889
-0.84896 -0.79858 -0.00975606 0.0310498 -0.00263725 0.00925148 -0.855072 -0.801745 -0.0194895 0.0376348 -0.00217905 0.00857286
-0.970525 -1.11427 -0.0907249 0.0226464 0.0107782 -0.122457 -0.954193 -1.08803 -0.103728 0.0310551 0.00438841 -0.119195
-0.935753 -0.731426 -0.0559817 -0.0490168 -0.0430639 -0.0268269 -0.932114 -0.750095 -0.0668764 -0.0496803 -0.0497462 -0.0226854
