-7.1387 -7.13867
-7.14643 -7.14667
-7.05547 -7.05509
-7.12533 -7.12556
-7.12536 -7.12534
-7.11252 -7.11272
-7.09879 -7.09902
-7.09487 -7.09496
-7.07566 -7.07616
-7.13974 -7.14001
-7.09465 -7.09496
-7.15602 -7.1565
-7.11997 -7.11998
-7.10025 -7.10059
-7.14316 -7.14269
-7.12212 -7.12215
-7.08575 -7.08543
-7.14218 -7.14205
-7.1115 -7.11157
-7.11411 -7.114
-7.11707 -7.11756
-7.15085 -7.1511
-7.12158 -7.12183
-7.13368 -7.13382
-7.08429 -7.0846
-7.07101 -7.07136
-7.09819 -7.09838
-7.12729 -7.12718
-7.13118 -7.1308
-7.13051 -7.13034
-7.09757 -7.097
-7.13624 -7.1361
-7.09303 -7.09281
-7.09906 -7.09909
-7.11663 -7.11658
-7.09284 -7.09329
-7.1201 -7.12047
-7.11362 -7.11345
-7.11558 -7.1161
-7.14393 -7.14429
-7.28634 -7.28651
-7.09857 -7.09862
-7.21994 -7.22031
-7.20114 -7.20136
-7.27762 -7.27791
-7.24888 -7.24897
-7.16707 -7.16718
-7.19494 -7.19498
-7.2678 -7.26801
-7.28005 -7.28019
-7.19361 -7.1938
-7.16445 -7.16494
-7.14527 -7.14524
-7.20761 -7.20772
-7.15165 -7.15158
-7.10571 -7.10511
-7.23932 -7.2396
-7.2571 -7.2572
-7.26816 -7.26849
-7.16922 -7.16953
-7.28637 -7.28657
-7.13927 -7.13996
-7.23843 -7.23881
-7.2729 -7.27319
-7.11741 -7.11775
-7.26846 -7.2687
-7.16669 -7.16715
-7.10647 -7.10659
-7.14169 -7.14229
-7.24802 -7.24813
-7.0929 -7.09305
-7.22609 -7.2264
-7.20386 -7.20393
-7.27368 -7.27394
-7.10051 -7.1008
-7.20323 -7.20338
-7.20543 -7.20576
-7.24154 -7.24186
-7.15693 -7.15646
-7.13466 -7.13492
-7.2428 -7.24313
-7.1338 -7.13416
-7.11824 -7.11825
-7.23344 -7.23354
-7.21819 -7.2187
-7.19739 -7.19777
-7.23382 -7.23415
-7.19436 -7.19489
-7.14753 -7.1478
-7.21524 -7.21505
-7.16415 -7.16482
-7.12181 -7.12131
-7.16312 -7.16306
-7.19948 -7.1997
-7.23099 -7.23123
-7.28876 -7.28893
-7.29719 -7.29731
-7.2794 -7.27964
-7.15212 -7.15218
-7.20721 -7.20743
-7.17866 -7.17881
-7.22234 -7.22254
-7.13332 -7.1334
-7.16438 -7.16464
-7.1354 -7.13493
-7.22039 -7.22062
-7.25898 -7.25915
-7.21659 -7.21688
-7.22215 -7.22219
-7.22065 -7.22054
-7.25783 -7.2579
-7.23645 -7.23677
-7.21116 -7.21135
-7.26808 -7.26829
-7.23686 -7.23698
-7.13566 -7.13608
-7.11027 -7.11075
-7.13716 -7.13774
-7.18657 -7.18669
-7.12224 -7.12271
-7.2599 -7.26009
-7.12358 -7.12366
-7.22896 -7.22905
-7.24991 -7.25009
-7.13396 -7.13473
-7.19051 -7.19035
-7.2851 -7.28533
-7.14492 -7.14591
-7.26799 -7.2682
-7.24173 -7.2418
-7.28614 -7.28629
-7.18218 -7.18247
-7.28309 -7.28339
-7.15918 -7.15919
-7.13889 -7.13898
-7.2824 -7.28252
-7.11321 -7.11358
-7.24469 -7.24495
-7.25313 -7.25333
-7.18173 -7.18202
-7.1364 -7.13713
-7.19593 -7.19589
-7.12789 -7.1279
-7.25039 -7.25048
-7.21436 -7.2144
-7.20559 -7.20582
-7.17477 -7.17505
-7.2721 -7.2724
-7.17155 -7.17196
-7.10789 -7.10874
-7.0981 -7.09792
-7.22196 -7.22221
-7.26473 -7.26511
-7.29488 -7.29502
-7.16659 -7.16676
-7.26279 -7.26316
-7.29217 -7.29232
-7.26654 -7.26679
-7.17946 -7.17958
-7.1695 -7.16997
-7.25284 -7.25305
-7.2323 -7.23247
-7.27956 -7.2799
-7.1099 -7.11085
-7.22862 -7.22879
-7.19899 -7.19909
-7.25892 -7.25915
-7.11635 -7.11568
-7.29701 -7.29714
-7.15073 -7.1505
-7.22355 -7.22381
-7.2455 -7.24574
-7.09905 -7.09857
-7.29069 -7.29083
-7.28599 -7.28632
-7.13666 -7.13609
-7.09309 -7.09259
-7.16024 -7.16086
-7.14183 -7.1418
-7.20276 -7.20312
-7.19291 -7.19329
-7.26796 -7.26817
-7.16158 -7.16151
-7.28189 -7.2821
-7.22763 -7.22799
-7.1696 -7.17016
-7.26005 -7.26022
-7.13488 -7.13559
-7.1469 -7.14766
-7.24176 -7.24199
-7.24954 -7.24989
-7.09252 -7.09358
-7.2037 -7.20386
-7.1996 -7.19989
-7.19885 -7.1991
-7.18938 -7.18975
-7.19805 -7.19847
-7.24291 -7.24301
-7.12926 -7.1291
-7.1807 -7.18078
-7.12203 -7.1223
-7.11331 -7.11338
-7.14888 -7.14817
-7.20534 -7.20543
-7.20137 -7.20145
-7.12282 -7.12244
-7.18077 -7.18039
-7.16864 -7.16841
-7.24193 -7.24213
-7.15325 -7.15308
-6.9839 -6.98543
-7.021 -7.02055
-7.08372 -7.08355
-7.13855 -7.13838
-7.07298 -7.07326
-7.10609 -7.10613
-7.11702 -7.11707
-7.20831 -7.20842
-7.19679 -7.19673
-7.03866 -7.03961
-7.03622 -7.03617
-7.13431 -7.13445
-7.19696 -7.19706
-7.11888 -7.11955
-7.01888 -7.01926
-7.16619 -7.16625
-7.17922 -7.17928
-7.06305 -7.06329
-7.10116 -7.10218
-7.11456 -7.11473
-7.15088 -7.15076
-7.14052 -7.14029
-7.10887 -7.10871
-7.03827 -7.03866
-7.13716 -7.13747
-7.03723 -7.03761
-6.99695 -6.9958
-7.13211 -7.13203
-7.10517 -7.10439
-7.09418 -7.09446
-7.17786 -7.17811
-7.16266 -7.16293
-6.96618 -6.96662
-7.0769 -7.07556
-7.05156 -7.0512
-6.99574 -6.99574
-7.18984 -7.18937
-7.11155 -7.11184
-7.01259 -7.01293
-7.124 -7.12381
-7.10247 -7.1035
-7.11991 -7.11979
-7.10685 -7.10639
-7.16381 -7.1639
-7.07691 -7.07692
-7.24305 -7.24315
-7.05142 -7.05241
-7.15141 -7.1516
-7.1257 -7.12518
-7.14462 -7.14483
-7.01379 -7.01226
-7.07058 -7.07094
-7.15706 -7.15749
-7.18904 -7.18911
-7.11552 -7.11472
-7.02073 -7.02129
-7.05026 -7.05012
-7.09794 -7.09819
-7.11868 -7.11849
-7.04249 -7.04275
-7.13562 -7.13529
-7.12616 -7.12534
-7.12997 -7.12986
-7.14082 -7.14075
-7.11313 -7.11363
-6.97857 -6.97796
-7.16949 -7.16982
-7.16864 -7.16841
-7.10904 -7.1089
-7.2102 -7.2104
-7.09566 -7.09568
-7.15884 -7.15843
-7.18481 -7.18453
-7.18069 -7.18062
-7.18985 -7.18958
-7.16973 -7.1694
-7.08282 -7.08275
-7.15741 -7.1574
-7.11559 -7.11503
-7.14376 -7.14358
-7.07447 -7.07402
-7.18362 -7.18375
-7.3072 -7.30726
-7.30591 -7.30599
-7.30715 -7.30716
-7.30724 -7.30722
-7.30717 -7.30702
-7.25488 -7.25532
-7.30679 -7.30691
-7.30719 -7.30729
-7.30534 -7.30544
-7.30726 -7.30722
-7.30717 -7.30702
-7.30629 -7.3064
-7.30725 -7.30726
-7.30717 -7.30706
-7.28123 -7.28171
-7.30717 -7.30705
-7.28702 -7.28742
-7.30717 -7.30707
-7.30705 -7.30711
-7.30717 -7.30701
-7.29552 -7.29562
-7.29177 -7.29199
-7.27421 -7.27462
-7.30717 -7.30702
-7.30718 -7.30716
-7.30713 -7.30709
-7.30717 -7.30702
-7.30699 -7.30706
-7.30349 -7.3037
-7.29839 -7.29846
-7.26562 -7.26592
-7.30453 -7.30469
-7.30717 -7.30703
-7.30705 -7.30713
-7.30717 -7.30704
-7.30219 -7.30239
-7.30715 -7.30728
-7.30717 -7.30708
-7.30656 -7.30669
-7.30057 -7.30068
-7.30717 -7.30702
-7.30728 -7.30719
-7.30717 -7.30701
-7.30717 -7.30704
-7.30717 -7.30702
-7.30717 -7.30702
-7.08438 -7.08593
-7.18701 -7.18693
-7.16508 -7.16516
-7.05986 -7.06034
-7.08938 -7.08932
-7.12659 -7.12554
-7.15502 -7.15466
-7.18776 -7.18734
-7.14851 -7.14811
-7.1343 -7.13369
-7.09092 -7.09098
-7.11628 -7.11615
-7.19394 -7.19372
-6.98645 -6.98613
-7.13594 -7.13565
-7.19318 -7.19267
-7.10665 -7.10705
-7.11139 -7.11139
-7.14036 -7.14019
-7.15366 -7.15358
-7.19591 -7.1956
-7.2089 -7.20817
-7.15881 -7.15957
-7.05241 -7.05251
-7.11633 -7.11616
-6.96841 -6.96897
-7.00963 -7.00971
-7.04976 -7.05027
-7.12169 -7.12011
-7.1896 -7.18954
-7.05456 -7.05344
-7.10719 -7.10796
-7.1358 -7.13553
-7.1177 -7.11739
-7.02618 -7.02578
-7.12042 -7.1201
-7.17924 -7.17926
-7.11674 -7.11732
-6.93278 -6.93377
-7.09649 -7.09571
-7.20237 -7.20193
-7.14451 -7.14492
-7.14752 -7.14761
-7.19457 -7.19448
-7.05225 -7.05174
-7.14016 -7.13992
-7.09117 -7.09138
-6.95901 -6.9596
-7.19756 -7.19732
-7.10976 -7.1104
-7.17248 -7.17308
-7.03901 -7.03778
-7.02404 -7.02391
-7.13996 -7.14036
-7.1628 -7.16323
-7.17128 -7.17114
-7.13163 -7.13123
-6.98507 -6.98444
-7.0732 -7.07199
-7.1144 -7.11369
-7.2119 -7.21214
-7.15135 -7.15074
-7.02586 -7.0256
-7.11222 -7.11244
-7.15688 -7.15674
-7.20788 -7.20804
-7.19039 -7.19117
-7.20102 -7.20081
-7.2042 -7.20442
-7.10629 -7.10637
-7.14063 -7.14017
-7.21648 -7.21606
-7.12317 -7.12325
-6.98633 -6.98751
-6.90712 -6.90835
-6.86383 -6.86487
-7.05377 -7.05334
-7.16022 -7.15959
-7.11885 -7.11904
-7.07129 -7.07047
-7.1221 -7.12191
-7.09013 -7.09063
-7.0906 -7.09078
-7.10758 -7.1078
-7.16277 -7.16282
-7.00657 -7.00632
-7.14762 -7.14789
-7.20485 -7.20452
-7.17897 -7.17879
-7.19096 -7.19071
-7.15103 -7.1502
-7.15232 -7.1523
-7.30716 -7.30713
-7.30525 -7.30535
-7.29058 -7.29058
-7.30717 -7.30703
-7.30717 -7.30704
-7.28344 -7.28381
-7.30695 -7.30729
-7.30707 -7.30696
-7.30592 -7.30599
-7.30714 -7.30709
-7.30717 -7.30705
-7.27383 -7.27434
-7.30438 -7.30445
-7.17654 -7.1766
-7.30716 -7.30708
-7.26063 -7.26104
-7.30645 -7.30643
-7.30717 -7.30702
-7.30705 -7.3073
-7.21539 -7.21543
-7.30717 -7.30702
-7.30683 -7.30675
-7.30717 -7.30702
-7.30153 -7.3014
-7.29914 -7.29891
-7.30685 -7.30719
-7.30718 -7.30719
-7.30717 -7.30701
-7.30717 -7.3071
-7.30717 -7.30702
-7.30717 -7.30706
-7.24201 -7.24224
-7.30678 -7.30723
-7.3032 -7.30318
-7.30716 -7.30711
-7.30717 -7.30702
-7.29569 -7.29543
-7.11948 -7.11918
-7.30688 -7.30727
-7.30717 -7.30702
-7.30717 -7.30704
-7.30716 -7.30725
-7.30717 -7.30701
-7.30717 -7.30707
-7.30717 -7.30702
-7.30702 -7.30716
-7.09423 -7.0943
-7.1771 -7.17639
-7.15043 -7.15043
-7.04747 -7.04696
-7.19849 -7.19816
-7.14858 -7.14813
-7.14381 -7.14324
-7.13866 -7.139
-7.1729 -7.17383
-7.11079 -7.11045
-7.11309 -7.11354
-7.05818 -7.0592
-7.16589 -7.16581
-7.08464 -7.08387
-7.19408 -7.19412
-7.14129 -7.14111
-7.12351 -7.12361
-7.16122 -7.16191
-7.22004 -7.22032
-7.18038 -7.18028
-7.16005 -7.16061
-7.1658 -7.16632
-7.13841 -7.13807
-7.19207 -7.19196
-7.20324 -7.20283
-7.15512 -7.15461
-7.18385 -7.18473
-6.94334 -6.94381
-7.11833 -7.11791
-7.13939 -7.13926
-7.12632 -7.12809
-6.97783 -6.9792
-7.17386 -7.17402
-7.16423 -7.1649
-7.07307 -7.07286
-7.01866 -7.01888
-7.1472 -7.14702
-7.10727 -7.10663
-7.19118 -7.19035
-7.16402 -7.1639
-6.98872 -6.98873
-7.15655 -7.15654
-7.2047 -7.20478
-7.16154 -7.16224
-7.10139 -7.10291
-7.19355 -7.19486
-6.99564 -6.99539
-7.14517 -7.14491
-7.01129 -7.01101
-7.10979 -7.10911
-7.13935 -7.13982
-7.18306 -7.18246
-7.11174 -7.1121
-7.15245 -7.15199
-7.14358 -7.14372
-7.19959 -7.19977
-7.11434 -7.1146
-6.86669 -6.86643
-7.08891 -7.08949
-7.14993 -7.15067
-7.17754 -7.17751
-7.08508 -7.08465
-7.10732 -7.10699
-6.96175 -6.96116
-7.16828 -7.16832
-7.14729 -7.14749
-7.16738 -7.16737
-7.14485 -7.14429
-7.16875 -7.16883
-7.15491 -7.15479
-7.08634 -7.08653
-7.07845 -7.07915
-7.18374 -7.18391
-7.13855 -7.13837
-7.16319 -7.16335
-7.18053 -7.18053
-7.09114 -7.09116
-7.16718 -7.16735
-7.14985 -7.14908
-7.08301 -7.08251
-7.05793 -7.0584
-7.10803 -7.10837
-7.09652 -7.09683
-7.07976 -7.07992
-7.12572 -7.12537
-7.20298 -7.20293
-7.08313 -7.08371
-7.17406 -7.17534
-7.04119 -7.04049
-7.02593 -7.02585
-7.14505 -7.14465
-7.12173 -7.12109
-7.30709 -7.30723
-7.30637 -7.30647
-7.30742 -7.3073
-7.30712 -7.30726
-7.3028 -7.30282
-7.30607 -7.3061
-7.30717 -7.30708
-7.30674 -7.30708
-7.30717 -7.30704
-7.29634 -7.29667
-7.2886 -7.28919
-7.30717 -7.30702
-7.30717 -7.30702
-7.29283 -7.29337
-7.30708 -7.30711
-7.26882 -7.26905
-7.30717 -7.30706
-7.27707 -7.2773
-7.30717 -7.30702
-7.30717 -7.30702
-7.30709 -7.30713
-7.30663 -7.30694
-7.28353 -7.28391
-7.30717 -7.30702
-7.3056 -7.3056
-7.30726 -7.30729
-7.30717 -7.30703
-7.30714 -7.30709
-7.30123 -7.30127
-7.30717 -7.30701
-7.30653 -7.30675
-7.30717 -7.30701
-7.30717 -7.30702
-7.30717 -7.30707
-7.30721 -7.30716
-7.25844 -7.25879
-7.30717 -7.30705
-7.30725 -7.30719
-7.30494 -7.30492
-7.30717 -7.30704
-7.30404 -7.30401
-7.3069 -7.30717
-7.30717 -7.30722
-7.29913 -7.29926
-7.30717 -7.30702
-7.30729 -7.30727
-7.14856 -7.14843
-7.1754 -7.17519
-7.15338 -7.15356
-7.15029 -7.15091
-7.09374 -7.09382
-7.01897 -7.01889
-7.19073 -7.1915
-7.14789 -7.14759
-7.07419 -7.07413
-7.15755 -7.15822
-7.1712 -7.17129
-7.21214 -7.21211
-7.17093 -7.171
-7.11089 -7.11008
-7.10148 -7.10231
-7.12425 -7.12498
-7.13227 -7.1322
-7.22927 -7.22971
-7.16191 -7.16192
-7.11666 -7.1163
-7.16466 -7.16437
-7.08074 -7.08018
-7.23799 -7.23777
-7.11151 -7.11117
-7.10977 -7.10988
-7.13872 -7.13851
-7.11127 -7.11175
-7.00551 -7.00493
-7.10033 -7.10062
-7.03484 -7.03527
-7.14433 -7.14472
-7.2154 -7.21538
-7.02217 -7.0211
-7.12445 -7.12479
-7.06513 -7.06447
-7.11131 -7.11092
-7.19746 -7.19769
-7.16102 -7.16149
-7.11961 -7.11946
-7.04044 -7.03996
-7.13314 -7.13306
-7.14626 -7.14666
-6.9495 -6.9496
-7.14646 -7.14602
-7.17098 -7.17056
-7.20448 -7.20503
-7.14671 -7.14681
-7.04896 -7.04885
-7.01963 -7.01989
-7.18818 -7.18861
-7.14533 -7.1448
-7.08187 -7.081
-7.1939 -7.19414
-7.1745 -7.17476
-7.13514 -7.13434
-7.1736 -7.17457
-7.13187 -7.13102
-7.07061 -7.07019
-7.09798 -7.09743
-7.14161 -7.14085
-7.0993 -7.09691
-7.18623 -7.1864
-7.15838 -7.15807
-7.15265 -7.15303
-7.15235 -7.1525
-7.06656 -7.06624
-7.12755 -7.12694
-7.0614 -7.06072
-7.18974 -7.18954
-7.15462 -7.15496
-7.1626 -7.16212
-7.18205 -7.18243
-7.04958 -7.04939
-7.17115 -7.17088
-7.11523 -7.11614
-7.14397 -7.14404
-7.17869 -7.17865
-7.19028 -7.19033
-7.10613 -7.10592
-7.13706 -7.13682
-7.02715 -7.02827
-7.18376 -7.1843
-7.17186 -7.17164
-7.1717 -7.17188
-7.11963 -7.11884
-7.19057 -7.19027
-7.15162 -7.15179
-7.12131 -7.12042
-7.13016 -7.12961
-7.03624 -7.03496
-7.13728 -7.13746
-7.06656 -7.06668
-7.16197 -7.16217
-7.12902 -7.12881
-7.13386 -7.13344
-7.12624 -7.12583
-7.14691 -7.14698
-7.14581 -7.14557
-7.16499 -7.16496
-6.93625 -6.93609
-7.15293 -7.15287
-7.09403 -7.09388
-7.17522 -7.17602
-7.10448 -7.10411
-7.02235 -7.02061
-7.11207 -7.11196
-7.15134 -7.15217
-7.19458 -7.1951
-7.19117 -7.19104
-7.17143 -7.17232
-7.02225 -7.02155
-7.17521 -7.17562
-7.12984 -7.12983
-7.12106 -7.12165
-7.17572 -7.17577
-7.11963 -7.11986
-7.10732 -7.10759
-7.10412 -7.10407
-7.09495 -7.09443
-7.10404 -7.10455
-7.10536 -7.10567
-7.13257 -7.13238
-7.12022 -7.12113
-7.17746 -7.17799
-7.15296 -7.15331
-7.18218 -7.1826
-7.1875 -7.18777
-7.0229 -7.02289
-7.06959 -7.06952
-7.0694 -7.06831
-7.1505 -7.14996
-7.09461 -7.09403
-7.17665 -7.17714
-7.14989 -7.14967
-7.21482 -7.21506
-7.1327 -7.13274
-7.07875 -7.07777
-7.04717 -7.0468
-7.0456 -7.04564
-7.18449 -7.18463
-7.19061 -7.1903
-7.1486 -7.14893
-7.0978 -7.09801
-6.99846 -6.99901
-7.18313 -7.18389
-7.16541 -7.16527
-7.08063 -7.08087
-7.17138 -7.17151
-7.08442 -7.08441
-7.12123 -7.12116
-7.132 -7.1323
-7.13028 -7.13044
-7.1182 -7.1191
-7.15612 -7.15636
-7.13111 -7.13112
-7.09809 -7.09886
-7.18113 -7.18151
-7.15711 -7.15727
-7.03341 -7.03307
-7.03545 -7.03526
-7.1954 -7.1955
-7.15984 -7.16014
-7.05012 -7.05001
-7.14431 -7.14437
-7.00398 -7.0057
-7.16233 -7.16239
-7.18853 -7.18839
-7.09065 -7.09053
-7.19239 -7.19192
-7.13061 -7.13056
-7.11239 -7.11255
-7.1438 -7.14388
-7.17793 -7.17735
-7.0765 -7.07589
-7.03704 -7.03741
-7.18847 -7.1888
-7.13802 -7.13873
-7.17514 -7.17581
-7.0885 -7.08881
-7.02503 -7.02533
-7.16878 -7.16904
-7.13418 -7.13428
-7.08596 -7.08551
-6.79962 -6.80027
-7.08466 -7.0848
-7.15173 -7.1517
-7.03087 -7.03147
-7.07238 -7.07183
-7.20256 -7.20328
-7.14611 -7.14572
-7.1008 -7.09977
-7.13099 -7.1312
-7.14539 -7.14541
-7.17684 -7.17696
-7.03781 -7.03912
-7.16731 -7.1676
-7.08935 -7.08922
-7.15198 -7.15247
-7.09732 -7.09711
-7.13989 -7.1403
-7.13147 -7.13083
-7.05186 -7.05171
-7.12976 -7.12989
-7.09635 -7.09561
-7.13671 -7.13711
-7.14861 -7.14833
-7.16874 -7.16918
-7.13865 -7.13831
-7.19827 -7.19838
-7.10541 -7.10555
-7.10402 -7.10431
-7.17464 -7.17432
-7.10882 -7.1092
-7.07181 -7.07159
-7.1535 -7.15385
-7.19915 -7.19935
-7.15117 -7.15125
-7.17559 -7.17513
-7.06716 -7.06684
-6.99996 -7.0002
-6.93588 -6.93444
-7.1577 -7.1582
-7.13911 -7.13852
-7.11914 -7.11935
-7.0644 -7.06431
-7.07663 -7.07646
-7.10331 -7.10298
-7.15216 -7.15222
-7.02231 -7.02242
-7.2192 -7.21955
-7.17302 -7.17324
-7.07075 -7.07023
-7.08587 -7.08532
-7.06675 -7.06724
-7.23177 -7.23164
-7.08071 -7.08151
-7.10592 -7.10538
-7.123 -7.12355
-7.1836 -7.18365
-7.13751 -7.1373
-7.1584 -7.15851
-7.19589 -7.19608
-7.10819 -7.10793
-7.11215 -7.11057
-7.13495 -7.13492
-7.04995 -7.0499
-7.10338 -7.10249
-7.08406 -7.08362
-7.13195 -7.13151
-7.1922 -7.19218
-7.12859 -7.12834
-7.06562 -7.06517
-7.18354 -7.18385
-7.09343 -7.09327
-7.11032 -7.11017
-7.16984 -7.17038
-7.17258 -7.17331
-7.17176 -7.17135
-7.03884 -7.03918
-7.11661 -7.11626
-7.17548 -7.17559
-7.19043 -7.19071
-7.01449 -7.01343
-7.10364 -7.10361
-7.3053 -7.30545
-7.30503 -7.30525
-7.30551 -7.30552
-7.30531 -7.30542
-7.30481 -7.3049
-7.30498 -7.30512
-7.30513 -7.30533
-7.30487 -7.30508
-7.30527 -7.30544
-7.30515 -7.30534
-7.30555 -7.30556
-7.3053 -7.30541
-7.30521 -7.30526
-7.30508 -7.30517
-7.30527 -7.30544
-7.30506 -7.30524
-7.30509 -7.30529
-7.3053 -7.30533
-7.30503 -7.30518
-7.30494 -7.30515
-7.30506 -7.30524
-7.30527 -7.30534
-7.30503 -7.30508
-7.30473 -7.30486
-7.30513 -7.30532
-7.30454 -7.30464
-7.30505 -7.30518
-7.30523 -7.30538
-7.30478 -7.30491
-7.30552 -7.30553
-7.30508 -7.30517
-7.30559 -7.30558
-7.30529 -7.30541
-7.30469 -7.30478
-7.30443 -7.3045
-7.30537 -7.30545
-7.30524 -7.30537
-7.3047 -7.30487
-7.30457 -7.30465
-7.30515 -7.30539
-7.3052 -7.30541
-7.30559 -7.30558
-7.30495 -7.30502
-7.30537 -7.30545
-7.30489 -7.30512
-7.30503 -7.30508
-7.30518 -7.30531
-7.30533 -7.30538
-7.30517 -7.30539
-7.30503 -7.3051
-7.30509 -7.30529
-7.3052 -7.30537
-7.3051 -7.30531
-7.30478 -7.30491
-7.30473 -7.30492
-7.30504 -7.30514
-7.3053 -7.30533
-7.30523 -7.30538
-7.30457 -7.30465
-7.30534 -7.30543
-7.3047 -7.30487
-7.30487 -7.30499
-7.30503 -7.30525
-7.30533 -7.30538
-7.30513 -7.30533
-7.3053 -7.30541
-7.3052 -7.30541
-7.30529 -7.30541
-7.30489 -7.30512
-7.30531 -7.30542
-7.30503 -7.30518
-7.30534 -7.30543
-7.30473 -7.30486
-7.30545 -7.3055
-7.30539 -7.30544
-7.30495 -7.30502
-7.30487 -7.30508
-7.30472 -7.30481
-7.30487 -7.30499
-7.30527 -7.30534
-7.3052 -7.30537
-7.30518 -7.30531
-7.30443 -7.3045
-7.30472 -7.30481
-7.30503 -7.30507
-7.3056 -7.30561
-7.30458 -7.30471
-7.30515 -7.30539
-7.30513 -7.30533
-7.30451 -7.3046
-7.3051 -7.30531
-7.30469 -7.30478
-7.3051 -7.30518
-7.30503 -7.3051
-7.30546 -7.30551
-7.30505 -7.30518
-7.30555 -7.30556
-7.30494 -7.30515
-7.30481 -7.3049
-7.30521 -7.3054
-7.30521 -7.3054
-7.30503 -7.30507
-7.30552 -7.30553
-7.30451 -7.3046
-7.30517 -7.30539
-7.30504 -7.30514
-7.30523 -7.30538
-7.3056 -7.30561
-7.30498 -7.30512
-7.30441 -7.30448
-7.3051 -7.30518
-7.30515 -7.30534
-7.30551 -7.30552
-7.30521 -7.30526
-7.30454 -7.30464
-7.30473 -7.30492
-7.30516 -7.30541
-7.30513 -7.30533
-7.30523 -7.30538
-7.30452 -7.30462
-7.30524 -7.30537
-7.30545 -7.3055
-7.30513 -7.30532
-7.30539 -7.30544
-7.30534 -7.30544
-7.30546 -7.30551
-7.30458 -7.30471
-7.30534 -7.30544
-7.3053 -7.30545
-7.30452 -7.30462
-7.30516 -7.30541
-7.30441 -7.30448
-7.12443 -7.12455
-7.11263 -7.11222
-7.09399 -7.09371
-7.08182 -7.08242
-7.14635 -7.14662
-7.13022 -7.12993
-7.12503 -7.12502
-7.13029 -7.1302
-7.14554 -7.14613
-7.12377 -7.12372
-7.1216 -7.12114
-7.08991 -7.08935
-7.1098 -7.10945
-7.09021 -7.09042
-7.11136 -7.11068
-7.1183 -7.11831
-7.08926 -7.08892
-7.10157 -7.1013
-7.10203 -7.10131
-7.07014 -7.06987
-7.12623 -7.12644
-7.06802 -7.06713
-7.08983 -7.08973
-7.11443 -7.1142
-7.12768 -7.12723
-7.12312 -7.12387
-7.07898 -7.07894
-7.10249 -7.10229
-7.12123 -7.12094
-7.12186 -7.12184
-7.14994 -7.14971
-7.1376 -7.13787
-7.14597 -7.14602
-7.10896 -7.10889
-7.12266 -7.1224
-7.14123 -7.14147
-7.12339 -7.12357
-7.10071 -7.10061
-7.1072 -7.10757
-7.11519 -7.11534
-7.28484 -7.28494
-7.16874 -7.16876
-7.27111 -7.27142
-7.19813 -7.19851
-7.23872 -7.23899
-7.20142 -7.20117
-7.13728 -7.13786
-7.21342 -7.21313
-7.23868 -7.23882
-7.28034 -7.28049
-7.19882 -7.19875
-7.17954 -7.17938
-7.15204 -7.15192
-7.2418 -7.24189
-7.24654 -7.24642
-7.25689 -7.25688
-7.2165 -7.21649
-7.18235 -7.18219
-7.2871 -7.28716
-7.1845 -7.18446
-7.22001 -7.21993
-7.0317 -7.03224
-7.24927 -7.24954
-7.18343 -7.18364
-7.15855 -7.15885
-7.22265 -7.22293
-7.22819 -7.22838
-7.21655 -7.2167
-7.1151 -7.11497
-7.24644 -7.24674
-7.18274 -7.18304
-7.27214 -7.27194
-7.1395 -7.13994
-7.17553 -7.17563
-7.18537 -7.18601
-7.26311 -7.26306
-7.15244 -7.15225
-7.15705 -7.15721
-7.22523 -7.2255
-7.15771 -7.15776
-7.28582 -7.28594
-7.14367 -7.14381
-7.21667 -7.21697
-7.26469 -7.26485
-7.20108 -7.2008
-7.1918 -7.19173
-7.174 -7.17378
-7.22415 -7.22422
-7.1803 -7.18021
-7.13697 -7.13731
-7.22179 -7.22165
-7.18602 -7.1863
-7.12867 -7.12904
-7.18126 -7.18143
-7.18 -7.18004
-7.27454 -7.27458
-7.2129 -7.21274
-7.28325 -7.28325
-7.25912 -7.25914
-7.24136 -7.24169
-7.20709 -7.20725
-7.22407 -7.22433
-7.21962 -7.21942
-7.19718 -7.1975
-7.24371 -7.24373
-7.13739 -7.13806
-7.16704 -7.16737
-7.12772 -7.12675
-7.26197 -7.26231
-7.22611 -7.22613
-7.23064 -7.23062
-7.23334 -7.23347
-7.23116 -7.2311
-7.26431 -7.26428
-7.20314 -7.20331
-7.27293 -7.27273
-7.21666 -7.21642
-7.26487 -7.26496
-7.20468 -7.20496
-7.20627 -7.20594
-7.13711 -7.13679
-7.21722 -7.21722
-7.24517 -7.24524
-7.17095 -7.17111
-7.19585 -7.19595
-7.23309 -7.23329
-7.23437 -7.23422
-7.17501 -7.17481
-7.13227 -7.13247
-7.23344 -7.23368
-7.17521 -7.17549
-7.2721 -7.27203
-7.28514 -7.28544
-7.21635 -7.21643
-7.20992 -7.21004
-7.16846 -7.16857
-7.15768 -7.15737
-7.19529 -7.1949
-7.20572 -7.20588
-7.25149 -7.25146
-7.18526 -7.18531
-7.27671 -7.27701
-7.27439 -7.27416
-7.23068 -7.2305
-7.22615 -7.22594
-7.14388 -7.14408
-7.20871 -7.20852
-7.17001 -7.16963
-7.25851 -7.25841
-7.28029 -7.28016
-7.22892 -7.22893
-7.24799 -7.24799
-7.1726 -7.17295
-7.22724 -7.22725
-7.26524 -7.26552
-7.2666 -7.26656
-7.24279 -7.24295
-7.29197 -7.29191
-7.1481 -7.14765
-7.22774 -7.22766
-7.25565 -7.25586
-7.2912 -7.29106
-7.23271 -7.2329
-7.09937 -7.09906
-7.25453 -7.25449
-7.1831 -7.18329
-7.26107 -7.26116
-7.12886 -7.12901
-7.27547 -7.27565
-7.23437 -7.23426
-7.2756 -7.27546
-7.19555 -7.19611
-7.22687 -7.22722
-7.21903 -7.21906
-7.25517 -7.25516
-7.2667 -7.26681
-7.16452 -7.16473
-7.29345 -7.29364
-7.14456 -7.14559
-7.23608 -7.2365
-7.15537 -7.15476
-7.29 -7.29026
-7.28901 -7.2889
-7.18102 -7.18133
-7.15984 -7.16073
-7.22968 -7.22965
-7.14426 -7.14539
-7.17641 -7.1762
-7.20305 -7.20286
-7.18817 -7.18785
-7.24657 -7.24671
-7.20229 -7.20202
-7.19737 -7.19708
-7.2706 -7.27046
-7.14235 -7.14229
-7.17835 -7.1788
-7.19455 -7.19448
-7.17589 -7.17566
-7.20995 -7.21008
-7.17262 -7.17268
-7.30723 -7.30724
-7.15877 -7.1594
-7.0857 -7.08542
-7.30465 -7.30461
-7.09405 -7.0935
-7.04223 -7.04083
-7.30714 -7.307
-7.11631 -7.11665
-7.19791 -7.19858
-7.3073 -7.30717
-7.11553 -7.11431
-7.19373 -7.19404
-7.30717 -7.30694
-7.19518 -7.19513
-7.22099 -7.22074
-7.08304 -7.08288
-7.08802 -7.08661
-7.04091 -7.0405
-7.3064 -7.30648
-7.08044 -7.08059
-7.17875 -7.17895
-7.30721 -7.30733
-7.18853 -7.18886
-7.19344 -7.19388
-7.30351 -7.30351
-7.11875 -7.11876
-7.13604 -7.13607
-7.30736 -7.30721
-7.09986 -7.10001
-7.14912 -7.14957
-7.30717 -7.30694
-7.14789 -7.14797
-7.07301 -7.0724
-7.30541 -7.30545
-7.15564 -7.1563
-7.21023 -7.21044
-7.30732 -7.30723
-7.14525 -7.14497
-7.17539 -7.17451
-7.30717 -7.30698
-7.1317 -7.13106
-7.12039 -7.12099
-7.09284 -7.09244
-7.03348 -7.03386
-7.12673 -7.12588
-7.30717 -7.30697
-7.09667 -7.09672
-7.03886 -7.03885
-7.10372 -7.103
-7.13004 -7.12984
-7.13794 -7.13743
-7.30717 -7.30694
-7.17628 -7.17631
-7.10118 -7.10129
-7.06407 -7.06469
-7.07388 -7.07403
-7.14334 -7.14326
-7.14965 -7.14963
-7.10754 -7.10774
-7.20439 -7.20405
-7.28394 -7.2836
-7.11163 -7.11123
-7.12219 -7.1218
-7.16375 -7.16319
-7.19986 -7.19985
-7.14369 -7.14307
-7.1016 -7.10154
-6.97772 -6.97755
-7.05901 -7.05969
-7.30717 -7.30696
-7.17347 -7.17336
-7.16694 -7.16669
-7.16312 -7.16347
-7.01865 -7.01916
-7.0988 -7.09839
-7.30709 -7.30702
-7.12306 -7.12257
-7.13624 -7.1359
-7.30717 -7.30699
-7.19164 -7.19126
-7.2216 -7.22171
-7.30681 -7.30682
-7.16619 -7.16647
-7.09044 -7.0902
-7.29982 -7.29999
-7.16344 -7.16322
-7.11412 -7.11433
-7.28963 -7.28937
-7.11072 -7.11032
-7.10877 -7.10871
-6.99962 -6.99891
-7.12504 -7.12459
-7.04178 -7.04123
-7.11624 -7.11672
-7.13883 -7.13848
-7.19973 -7.20008
-7.30717 -7.30694
-7.1895 -7.18954
-7.10526 -7.10448
-7.11188 -7.1118
-7.14832 -7.14851
-7.08377 -7.08329
-7.30717 -7.30697
-7.15379 -7.15303
-7.13563 -7.13536
-7.29722 -7.29731
-7.19247 -7.1928
-7.11248 -7.1124
-7.30714 -7.3073
-7.21028 -7.21058
-7.06403 -7.06376
-7.30717 -7.30698
-7.13194 -7.13231
-7.20766 -7.20772
-7.30596 -7.30606
-7.18034 -7.18018
-7.14972 -7.14962
-7.29397 -7.29386
-7.15587 -7.15569
-7.18296 -7.18302
-7.0247 -7.02383
-7.24048 -7.24024
-7.12947 -7.12926
-7.30739 -7.30717
-7.15489 -7.15468
-7.18326 -7.18295
-7.30717 -7.30695
-7.02822 -7.02689
-7.21351 -7.21332
-7.05737 -7.05703
-7.14069 -7.1407
-7.18036 -7.18012
-7.30717 -7.30695
-7.15206 -7.15245
-7.14464 -7.14418
-7.30717 -7.30697
-7.14012 -7.13965
-7.15911 -7.15862
-7.30708 -7.30707
-7.16372 -7.16368
-7.117 -7.11634
-7.21864 -7.21853
-7.15968 -7.15994
-7.09892 -7.09829
-7.28257 -7.28228
-7.14512 -7.146
-7.01168 -7.01175
-7.1923 -7.19197
-7.18821 -7.18838
-7.03004 -7.02993
-7.30717 -7.30697
-7.16489 -7.16459
-7.18506 -7.18451
-7.27269 -7.27285
-7.07748 -7.07749
-7.10899 -7.10886
-7.17827 -7.1782
-7.09297 -7.09216
-7.13012 -7.12975
-7.03997 -7.04021
-7.14756 -7.14725
-7.16051 -7.16086
-7.1338 -7.13336
-7.11825 -7.11852
-7.19634 -7.19678
-7.14035 -7.14014
-7.09622 -7.09584
-7.11379 -7.11403
-7.11305 -7.11277
-7.13394 -7.13395
-7.1399 -7.13971
-7.10698 -7.10713
-7.07498 -7.07558
-7.03282 -7.03326
-7.30281 -7.30267
-7.20892 -7.20921
-7.13818 -7.13821
-7.0226 -7.02134
-6.99797 -7.00053
-7.07459 -7.07464
-7.30716 -7.30698
-7.13289 -7.13317
-7.13264 -7.13294
-7.10715 -7.1079
-7.07168 -7.07187
-7.07334 -7.07208
-7.30581 -7.30585
-7.09212 -7.09122
-7.18909 -7.18925
-7.30717 -7.30699
-7.06722 -7.06726
-7.05647 -7.05391
-7.30729 -7.30734
-7.16413 -7.16419
-7.15451 -7.15511
-6.91013 -6.90795
-7.04397 -7.04451
-6.99146 -6.99207
-7.17039 -7.1699
-7.06864 -7.06811
-7.08826 -7.08884
-7.30629 -7.30635
-7.15253 -7.15289
-7.21149 -7.21216
-7.30717 -7.30698
-7.18468 -7.18433
-7.17152 -7.17088
-7.18374 -7.18313
-7.1983 -7.19844
-7.13377 -7.13357
-7.01163 -7.01083
-7.1438 -7.14294
-7.14611 -7.14566
-7.30693 -7.30718
-7.13683 -7.13686
-7.01491 -7.01446
-7.3071 -7.30715
-7.14196 -7.14199
-7.0815 -7.08186
-7.16276 -7.16252
-7.14769 -7.14766
-7.04324 -7.04389
-7.3069 -7.30696
-7.1604 -7.15988
-7.07321 -7.07306
-7.30717 -7.30695
-7.18097 -7.18046
-7.16962 -7.16961
-7.30717 -7.30698
-7.11505 -7.11466
-7.01391 -7.0131
-7.05649 -7.0568
-7.03398 -7.03378
-7.03308 -7.03304
-7.30679 -7.30722
-7.20188 -7.20183
-7.13773 -7.13738
-7.30097 -7.3007
-7.09046 -7.09061
-7.1762 -7.17627
-7.30706 -7.30701
-7.09343 -7.09382
-7.11661 -7.1164
-7.30717 -7.30696
-7.05126 -7.05124
-7.14086 -7.14026
-7.28975 -7.2892
-7.10202 -7.10133
-7.10432 -7.10439
-6.78682 -6.78602
-6.89917 -6.89809
-6.94798 -6.94741
-7.16054 -7.16121
-6.92132 -6.92017
-7.15656 -7.15706
-7.30717 -7.30694
-7.08293 -7.08294
-6.95291 -6.95199
-7.30717 -7.30694
-7.12311 -7.12279
-7.13113 -7.13074
-7.30728 -7.30722
-7.20236 -7.20235
-7.18002 -7.17952
-7.12844 -7.12797
-7.22421 -7.22387
-7.19009 -7.18984
-7.30717 -7.30694
-7.12756 -7.12715
-7.18534 -7.18526
-7.30717 -7.30697
-7.05665 -7.05629
-7.17057 -7.17044
-7.30707 -7.30712
-7.04215 -7.04325
-7.12887 -7.12926
-7.3071 -7.30715
-7.09918 -7.09852
-7.09834 -7.0979
-7.1665 -7.16619
-7.08113 -7.08053
-7.08958 -7.0892
-7.30729 -7.30734
-7.15541 -7.15553
-7.01582 -7.01634
-7.30683 -7.30725
-7.1664 -7.16683
-7.19307 -7.19336
-7.12241 -7.12194
-7.10932 -7.10914
-7.12999 -7.12968
-7.30415 -7.30407
-7.21326 -7.21328
-7.06185 -7.06136
-7.30716 -7.30698
-7.1633 -7.16285
-7.01691 -7.01679
-7.30664 -7.30674
-7.17471 -7.17459
-7.03216 -7.03217
-7.30717 -7.30694
-7.17077 -7.17001
-7.09112 -7.09086
-7.27269 -7.27285
-7.12536 -7.12518
-7.10612 -7.10636
-7.09267 -7.09216
-7.07431 -7.07409
-7.10417 -7.10446
-7.14645 -7.14651
-7.1469 -7.14624
-7.11605 -7.11628
-7.30717 -7.30694
-7.19609 -7.19508
-7.20087 -7.20082
-7.12984 -7.1293
-7.12424 -7.12411
-7.12783 -7.12799
-7.30706 -7.30701
-7.16262 -7.16293
-7.04268 -7.04288
-6.92922 -6.92952
-7.08463 -7.08419
-6.79261 -6.79145
-7.30717 -7.30698
-7.02978 -7.02925
-7.14934 -7.14914
-7.0823 -7.08229
-7.02054 -7.01992
-6.89944 -6.8984
-7.30717 -7.30695
-7.15891 -7.15891
-7.14399 -7.14378
-7.30717 -7.30699
-7.19066 -7.19049
-7.14986 -7.14962
-7.30708 -7.30707
-7.10216 -7.10287
-7.14545 -7.14496
-7.03044 -7.03078
-7.08491 -7.08503
-6.97018 -6.97164
-7.09489 -7.09447
-7.06686 -7.06621
-7.0752 -7.07486
-7.30717 -7.30695
-7.15858 -7.15869
-7.03627 -7.03582
-7.12427 -7.12545
-7.06175 -7.0612
-7.12933 -7.12925
-7.30705 -7.30731
-7.18682 -7.18713
-7.06679 -7.06671
-7.30717 -7.30694
-7.1671 -7.16645
-7.14363 -7.1436
-7.30711 -7.30702
-6.99531 -6.99564
-7.10927 -7.10937
-7.28975 -7.2892
-7.02927 -7.03042
-7.09852 -7.09842
-7.30717 -7.30698
-7.16023 -7.15967
-7.17215 -7.17137
-7.30581 -7.30585
-7.19867 -7.19886
-7.1089 -7.10823
-7.30717 -7.30695
-7.12937 -7.1291
-7.10548 -7.10451
-7.30717 -7.30694
-7.15716 -7.15682
-7.11706 -7.11757
-7.30717 -7.30694
-7.17935 -7.1797
-7.16817 -7.16811
-7.30707 -7.30712
-7.04212 -7.04315
-7.10676 -7.10687
-6.75513 -6.75414
-6.6569 -6.65713
-6.90207 -6.90222
-7.30717 -7.30697
-7.12443 -7.12346
-7.12382 -7.12286
-7.14821 -7.14919
-7.18933 -7.18956
-7.11025 -7.1095
-7.30097 -7.3007
-7.18153 -7.18182
-7.11813 -7.11753
-7.30717 -7.30697
-7.17393 -7.17414
-7.15203 -7.15192
-6.97835 -6.97856
-7.03422 -7.03379
-7.16123 -7.16141
-7.3069 -7.30696
-7.0777 -7.07672
-7.16636 -7.16666
-7.30679 -7.30722
-7.11452 -7.11485
-7.01953 -7.0189
-7.28257 -7.28228
-7.09897 -7.09917
-7.06429 -7.06344
-7.30717 -7.30697
-7.17215 -7.17175
-7.19416 -7.19393
-7.30728 -7.30722
-7.13819 -7.13841
-7.23735 -7.23703
-7.30277 -7.30289
-7.20118 -7.20178
-7.16893 -7.16908
-7.30303 -7.30327
-7.20267 -7.20272
-7.11478 -7.11495
-7.30284 -7.30272
-7.05442 -7.05421
-7.17073 -7.17081
-7.17041 -7.17008
-7.12127 -7.12079
-7.06268 -7.06223
-7.30285 -7.3028
-7.14216 -7.14244
-7.07641 -7.07593
-7.30292 -7.30299
-7.17887 -7.17905
-7.01836 -7.01857
-7.14431 -7.14487
-7.16221 -7.16301
-7.11003 -7.11069
-7.1849 -7.18506
-7.0815 -7.08083
-7.05095 -7.05087
-7.20269 -7.20304
-7.09568 -7.09555
-7.16467 -7.16522
-7.30313 -7.3033
-7.10594 -7.10575
-7.09463 -7.09423
-7.16375 -7.16386
-7.05977 -7.05971
-7.11427 -7.11396
-7.30343 -7.30345
-7.17172 -7.17161
-7.0947 -7.09453
-7.06214 -7.06121
-7.1523 -7.15173
-7.05904 -7.05985
-7.3029 -7.30287
-7.12426 -7.1252
-7.11365 -7.11345
-7.30277 -7.30293
-7.07252 -7.07157
-7.17035 -7.16993
-7.30295 -7.3031
-7.07958 -7.07981
-7.1162 -7.11623
-7.30301 -7.30321
-7.16376 -7.16426
-7.03134 -7.03155
-7.15813 -7.15839
-7.00709 -7.00656
-7.09112 -7.0913
-7.30294 -7.30305
-7.04696 -7.04683
-7.11804 -7.11798
-7.30292 -7.30314
-7.1182 -7.11847
-7.1397 -7.1406
-7.1401 -7.1404
-7.163 -7.16351
-7.14113 -7.14104
-7.1214 -7.12096
-7.13888 -7.13782
-7.1435 -7.14298
-7.09626 -7.09689
-6.94818 -6.94831
-7.15234 -7.15233
-7.30283 -7.30287
-7.12876 -7.12812
-7.16007 -7.15956
-7.30292 -7.30309
-7.11937 -7.11891
-7.07665 -7.07622
-7.10029 -7.0995
-7.15101 -7.15057
-7.13827 -7.13785
-7.30293 -7.30299
-7.11737 -7.11647
-7.04496 -7.04459
-7.10968 -7.1095
-7.1284 -7.12818
-7.1936 -7.19367
-7.30285 -7.30288
-7.1058 -7.1059
-7.08257 -7.08194
-7.08888 -7.08806
-7.0843 -7.08391
-7.14436 -7.14412
-7.3029 -7.30287
-7.09898 -7.09902
-7.15962 -7.15864
-7.30283 -7.30269
-7.00307 -7.00281
-7.07578 -7.07518
-7.30342 -7.30344
-7.09662 -7.0963
-7.13544 -7.13539
-7.30283 -7.30277
-7.1364 -7.13662
-7.15266 -7.15317
-7.06685 -7.06607
-7.17196 -7.17146
-7.14149 -7.14099
-7.30282 -7.30281
-7.11002 -7.11005
-7.13313 -7.13341
-7.30284 -7.30291
-7.08872 -7.0887
-6.99529 -6.9947
-7.3028 -7.30292
-7.10116 -7.10075
-7.08215 -7.08207
-7.30283 -7.30273
-7.22363 -7.22373
-7.06264 -7.06166
-7.30292 -7.30317
-7.11293 -7.11304
-7.08116 -7.08123
-7.30314 -7.30333
-7.14272 -7.14272
-7.10668 -7.10693
-7.13233 -7.13197
-7.10283 -7.10288
-7.01295 -7.0132
-7.30288 -7.30277
-7.14046 -7.14036
-7.11492 -7.11437
-7.30282 -7.30281
-7.13873 -7.13884
-7.12052 -7.12083
-7.30288 -7.30312
-7.17834 -7.17827
-7.20211 -7.20211
-7.30288 -7.30279
-7.13552 -7.13585
-7.14667 -7.1459
-7.30287 -7.30293
-7.17314 -7.17313
-7.18219 -7.18185
-7.30283 -7.30277
-7.16503 -7.16368
-7.16867 -7.16884
-7.13942 -7.13866
-7.04514 -7.04609
-7.2005 -7.20035
-7.30289 -7.30283
-7.11186 -7.11181
-7.15378 -7.15302
-7.30301 -7.3032
-7.18202 -7.18215
-7.0556 -7.05571
-7.30285 -7.30297
-7.0952 -7.09432
-7.13034 -7.13017
-7.30312 -7.30331
-7.14058 -7.13958
-7.12465 -7.12462
-7.05303 -7.05409
-7.05324 -7.05153
-7.01932 -7.0206
-7.12836 -7.12795
-7.15428 -7.15482
-7.2083 -7.20887
-7.14924 -7.14924
-7.00783 -7.00751
-7.13474 -7.13405
-7.30284 -7.30276
-7.10341 -7.10271
-7.08136 -7.08155
-7.1781 -7.17783
-7.1629 -7.16335
-7.16503 -7.16526
-7.30283 -7.30274
-7.21431 -7.21449
-7.07697 -7.07574
-7.30351 -7.30349
-7.14113 -7.14121
-7.16266 -7.16284
-7.3028 -7.30292
-7.13734 -7.13754
-7.04847 -7.04879
-7.30288 -7.30289
-7.1748 -7.17467
-7.11366 -7.11384
-7.14272 -7.14246
-7.08765 -7.08775
-7.08499 -7.08594
-7.30283 -7.30277
-6.98156 -6.98118
-7.14103 -7.1411
-7.30308 -7.30327
-7.14834 -7.14859
-7.1698 -7.16997
-7.12076 -7.12108
-7.06314 -7.06247
-7.06104 -7.06095
-7.30314 -7.30333
-7.10394 -7.10394
-7.18342 -7.18324
-7.10598 -7.10556
-7.14193 -7.14228
-7.14993 -7.15003
-7.30288 -7.30312
-7.16495 -7.1651
-7.09366 -7.09308
-7.30344 -7.30346
-7.10938 -7.10902
-7.03465 -7.03346
-7.30294 -7.30305
-7.0786 -7.07752
-7.14703 -7.14663
-7.16123 -7.1604
-7.18389 -7.1841
-7.07732 -7.07729
-7.30283 -7.30287
-7.13405 -7.13407
-7.17056 -7.17115
-7.30283 -7.30276
-7.15891 -7.15937
-7.18882 -7.18916
-7.30283 -7.30277
-7.05723 -7.05688
-7.119 -7.11859
-7.30288 -7.30278
-7.17218 -7.17231
-7.08938 -7.08895
-7.13888 -7.13931
-7.15774 -7.15801
-7.07292 -7.07304
-7.30284 -7.30277
-7.0705 -7.07019
-7.13412 -7.13399
-7.30288 -7.30289
-7.1587 -7.15819
-7.08722 -7.08682
-7.10736 -7.10703
-7.04779 -7.04781
-7.1726 -7.17221
-7.30285 -7.30298
-7.13103 -7.13108
-7.18741 -7.18668
-7.30288 -7.30293
-7.13037 -7.13051
-7.13637 -7.13657
-7.30284 -7.30269
-7.1147 -7.11491
-7.17291 -7.1729
-7.30284 -7.30277
-7.0074 -7.00605
-7.17389 -7.17388
-7.30288 -7.30277
-7.14989 -7.14962
-7.08529 -7.08514
-7.30282 -7.30268
-7.11227 -7.11203
-7.15609 -7.15601
-7.3028 -7.30282
-7.20578 -7.20493
-7.09015 -7.08927
-7.30292 -7.30317
-7.02707 -7.02677
-7.15439 -7.15446
-7.30301 -7.30321
-7.14343 -7.14395
-7.11063 -7.11097
-7.30284 -7.30273
-7.07513 -7.07521
-7.21936 -7.21934
-6.91204 -6.91298
-7.16563 -7.16603
-7.09736 -7.09715
-7.30283 -7.30277
-7.13113 -7.13038
-7.0491 -7.04802
-7.30288 -7.30283
-7.01656 -7.01594
-7.1548 -7.15499
-7.30289 -7.30283
-7.11428 -7.11392
-7.03251 -7.03211
-7.30281 -7.30277
-7.15801 -7.15719
-7.16041 -7.16031
-7.30293 -7.303
-7.18023 -7.18055
-7.18255 -7.18336
-7.09127 -7.09065
-7.08367 -7.08513
-7.13768 -7.13779
-7.30292 -7.30314
-7.08795 -7.08778
-7.17952 -7.17986
-7.30286 -7.3028
-7.0565 -7.05651
-7.09852 -7.09852
-7.30318 -7.30335
-7.13521 -7.13483
-7.137 -7.13687
-7.30318 -7.30334
-7.16396 -7.16386
-7.11766 -7.11604
-7.30288 -7.30277
-7.12895 -7.12886
-7.15027 -7.15009
-7.30284 -7.30271
-7.1801 -7.18002
-7.15342 -7.15375
-7.18617 -7.18535
-7.10785 -7.10703
-6.94691 -6.94804
-7.30283 -7.30306
-7.13727 -7.13818
-7.15806 -7.15822
-7.00294 -7.00307
-6.98417 -6.98446
-7.21961 -7.21926
-7.30329 -7.30339
-7.15904 -7.15875
-7.0504 -7.04999
-7.22036 -7.22007
-7.13454 -7.13407
-7.07682 -7.07702
-7.30292 -7.30299
-7.12647 -7.1258
-7.15082 -7.15038
-7.30283 -7.30269
-7.13592 -7.13561
-7.18807 -7.18779
-7.30289 -7.30283
-7.06767 -7.06689
-7.14445 -7.14478
-7.13277 -7.13291
-7.19222 -7.19223
-7.20542 -7.2057
-7.30284 -7.30272
-7.1335 -7.13339
-7.12187 -7.12291
-7.30286 -7.30277
-7.17531 -7.17546
-7.08578 -7.0858
-7.30282 -7.30277
-7.01627 -7.01646
-7.10968 -7.10947
-7.30278 -7.30297
-7.18407 -7.18392
-7.13193 -7.13121
-7.30287 -7.30313
-7.10382 -7.10376
-7.19714 -7.1972
-7.18161 -7.18184
-7.10325 -7.1029
-7.1248 -7.12495
-7.30332 -7.30341
-7.17354 -7.17374
-7.05723 -7.05759
-7.07819 -7.07764
-7.08495 -7.08559
-7.20538 -7.20552
-7.30284 -7.30291
-7.02101 -7.0196
-7.20073 -7.20074
-7.30282 -7.30276
-7.12929 -7.12904
-7.12386 -7.12384
-7.30292 -7.30309
-7.11231 -7.11181
-7.20846 -7.20841
-7.11074 -7.11014
-7.06272 -7.06327
-7.10079 -7.10095
-7.13309 -7.13349
-7.04134 -7.04102
-7.14593 -7.14638
-7.30281 -7.30277
-7.10465 -7.10466
-7.1886 -7.18829
-7.1585 -7.15918
-7.07015 -7.06986
-7.18545 -7.18518
-7.30351 -7.30351
-7.18397 -7.18357
-7.12396 -7.12356
-7.30278 -7.30289
-7.11688 -7.11745
-7.05284 -7.0533
-7.30282 -7.30275
-7.15034 -7.15012
-7.16379 -7.16394
-7.30287 -7.30313
-7.1923 -7.19269
-7.21957 -7.21966
-7.10662 -7.10592
-7.12128 -7.12166
-7.11711 -7.11666
-7.14634 -7.14666
-7.10846 -7.10927
-7.15062 -7.15104
-7.09077 -7.09065
-7.14085 -7.14036
-7.12623 -7.12649
-7.11239 -7.11232
-7.11165 -7.11113
-7.10173 -7.10199
-7.15541 -7.15563
-7.13735 -7.13761
-7.10611 -7.10601
-7.12561 -7.12541
-7.10208 -7.10211
-7.12203 -7.12273
-7.12545 -7.12539
-7.09254 -7.093
-7.06656 -7.0665
-7.07921 -7.07892
-7.07997 -7.08002
-7.05824 -7.05769
-7.13147 -7.13174
-7.13213 -7.1321
-7.13601 -7.13584
-7.14822 -7.14794
-7.11792 -7.11814
-7.11114 -7.11116
-7.1544 -7.15429
-7.13873 -7.13936
-7.13328 -7.13352
-6.91956 -6.92025
-7.15583 -7.1557
-7.13121 -7.13083
-7.07571 -7.07575
-7.12655 -7.12693
-7.10474 -7.10411
-7.13787 -7.13798
-7.04328 -7.04238
-7.11566 -7.11589
-7.15413 -7.15369
-7.29261 -7.29265
-7.08833 -7.08815
-7.17077 -7.17058
-7.15984 -7.15986
-7.28879 -7.28892
-7.15085 -7.15055
-7.17762 -7.17783
-7.23465 -7.23471
-7.17008 -7.17024
-7.27576 -7.2759
-7.28069 -7.28079
-7.13713 -7.13689
-7.12749 -7.12767
-7.17195 -7.17202
-7.23954 -7.2396
-7.17871 -7.17892
-7.09892 -7.09803
-7.25344 -7.25323
-7.19742 -7.19755
-7.25793 -7.25801
-7.22482 -7.22492
-7.28535 -7.28545
-7.20371 -7.20396
-7.26765 -7.26761
-7.26551 -7.26561
-7.13049 -7.13082
-7.2515 -7.25166
-7.18912 -7.18931
-7.08817 -7.08806
-7.216 -7.21589
-7.1947 -7.19521
-7.11578 -7.11536
-7.22134 -7.2218
-7.13919 -7.13947
-7.19407 -7.19421
-7.21136 -7.2115
-7.09932 -7.09919
-7.24782 -7.24791
-7.21855 -7.21876
-7.1908 -7.19092
-7.19985 -7.19979
-7.16089 -7.16119
-7.13456 -7.13561
-7.26091 -7.26103
-7.08426 -7.08373
-7.29091 -7.29097
-7.14259 -7.1423
-7.10606 -7.10612
-7.22968 -7.22999
-7.11205 -7.11022
-7.11967 -7.11957
-7.16392 -7.16432
-7.13625 -7.1367
-7.2081 -7.20776
-7.19967 -7.19972
-7.14043 -7.13988
-7.20456 -7.20478
-7.27287 -7.27285
-7.1803 -7.18032
-7.29206 -7.29208
-7.29777 -7.2978
-7.2186 -7.21879
-7.2161 -7.21626
-7.23491 -7.23527
-7.1178 -7.11989
-7.21639 -7.21648
-7.15781 -7.15829
-7.08628 -7.08624
-7.20735 -7.2074
-7.21676 -7.2169
-7.19715 -7.19717
-7.27081 -7.27084
-7.21555 -7.21501
-7.20846 -7.20832
-7.25731 -7.25745
-7.25722 -7.2574
-7.19454 -7.19434
-7.20876 -7.20891
-7.16017 -7.1609
-7.2215 -7.22194
-7.08311 -7.08331
-7.22079 -7.22107
-7.14026 -7.14036
-7.15871 -7.15842
-7.16778 -7.16752
-7.15025 -7.15084
-7.15332 -7.15357
-7.25056 -7.25055
-7.27756 -7.27759
-7.14272 -7.14298
-7.27364 -7.27375
-7.26074 -7.26076
-7.26399 -7.26417
-7.28551 -7.28555
-7.2583 -7.2583
-7.28264 -7.28272
-7.18923 -7.18918
-7.1771 -7.17745
-7.2228 -7.22287
-7.2713 -7.27151
-7.12538 -7.12509
-7.1804 -7.18055
-7.25472 -7.25473
-7.25226 -7.25252
-7.26296 -7.26312
-7.24045 -7.2405
-7.24478 -7.24487
-7.25609 -7.25627
-7.24547 -7.24565
-7.2109 -7.21099
-7.28539 -7.28543
-7.26433 -7.26426
-7.13689 -7.13743
-7.11656 -7.11671
-7.23048 -7.23064
-7.07614 -7.07596
-7.10691 -7.10651
-7.24966 -7.24993
-7.26842 -7.26838
-7.2979 -7.29793
-7.18806 -7.18886
-7.27101 -7.27105
-7.29528 -7.29534
-7.28067 -7.28068
-7.17569 -7.17563
-7.27235 -7.27234
-7.12232 -7.12255
-7.25706 -7.25706
-7.14405 -7.14443
-7.28781 -7.28787
-7.19156 -7.19185
-7.22026 -7.22039
-7.20236 -7.20254
-7.26388 -7.26393
-7.26503 -7.26506
-7.1376 -7.1378
-7.29833 -7.29832
-7.15319 -7.15331
-7.18973 -7.18996
-7.21894 -7.21894
-7.11614 -7.11539
-7.29128 -7.29135
-7.2903 -7.29036
-7.12929 -7.12925
-7.21183 -7.21224
-7.13522 -7.13544
-7.25276 -7.25291
-7.21834 -7.21851
-7.17459 -7.1744
-7.27319 -7.27321
-7.23089 -7.23095
-7.22462 -7.22476
-7.24639 -7.24649
-7.13104 -7.13105
-7.12438 -7.12499
-7.23551 -7.2356
-7.19043 -7.19045
-7.20545 -7.20567
-7.14493 -7.14523
-7.21799 -7.21819
